<?xml version="1.0" encoding="UTF-8"?>
<robot generator="Robot 7.2.2 (Python 3.13.2 on win32)" generated="2025-04-05T16:10:42.101550" rpa="false" schemaversion="5">
<suite id="s1" name="Auth" source="D:\robot_file\tests\Auth">
<suite id="s1-s1" name="Auth Test" source="D:\robot_file\tests\Auth\auth_test.robot">
<test id="s1-s1-t1" name="User Should Be Able To Login" line="11">
<kw name="Create Dictionary" owner="BuiltIn">
<msg time="2025-04-05T16:10:42.621041" level="INFO">${headers} = {'Content-Type': 'application/json'}</msg>
<var>${headers}</var>
<arg>Content-Type=application/json</arg>
<doc>Creates and returns a dictionary based on the given ``items``.</doc>
<status status="PASS" start="2025-04-05T16:10:42.620584" elapsed="0.000517"/>
</kw>
<kw name="Create Dictionary" owner="BuiltIn">
<msg time="2025-04-05T16:10:42.621746" level="INFO">${body} = {'username': 'huynh22.manager', 'password': 'Snowfox1991'}</msg>
<var>${body}</var>
<arg>username=${MANAGER_USERNAME}</arg>
<arg>password=${MANAGER_PASSWORD}</arg>
<doc>Creates and returns a dictionary based on the given ``items``.</doc>
<status status="PASS" start="2025-04-05T16:10:42.621486" elapsed="0.000307"/>
</kw>
<kw name="Create Session" owner="RequestsLibrary">
<msg time="2025-04-05T16:10:42.622392" level="INFO">Creating Session using : alias=vkho, url=https://api.vkho.net, headers={},                     cookies={}, auth=None, timeout=None, proxies=None, verify=True,                     debug=0 </msg>
<arg>vkho</arg>
<arg>${BASE_URL}</arg>
<arg>verify=True</arg>
<arg>disable_warnings=True</arg>
<doc>Create Session: create a HTTP session to a server</doc>
<status status="PASS" start="2025-04-05T16:10:42.622081" elapsed="0.000517"/>
</kw>
<kw name="POST On Session" owner="RequestsLibrary">
<msg time="2025-04-05T16:10:42.905450" level="INFO">POST Request : url=https://api.vkho.net/auth/login 
 path_url=/auth/login 
 headers={'User-Agent': 'python-requests/2.32.3', 'Accept-Encoding': 'gzip, deflate', 'Accept': '*/*', 'Connection': 'keep-alive', 'Content-Type': 'application/json', 'Content-Length': '58'} 
 body=b'{"username": "huynh22.manager", "password": "Snowfox1991"}' 
 </msg>
<msg time="2025-04-05T16:10:42.905551" level="INFO">POST Response : url=https://api.vkho.net/auth/login 
 status=201, reason=Created 
 headers={'Access-Control-Allow-Origin': '*', 'Alt-Svc': 'h3=":443"; ma=2592000', 'Content-Length': '3123', 'Content-Type': 'application/json; charset=utf-8', 'Date': 'Sat, 05 Apr 2025 09:10:42 GMT', 'Etag': 'W/"c33-rh2PhiMAc6n+5f0k+j7vuWoDJIk"', 'Server': 'Caddy'} 
 body={"access_token":"eyJhbGciOiJSUzI1NiIsInR5cCIgOiAiSldUIiwia2lkIiA6ICI0TVhBLW1VYjduYV90RjNJd1VrWXNreHZrbVNqQWJpSEV6MnFpN3ZaRGhJIn0.eyJleHAiOjE3NDM4Njk0NDIsImlhdCI6MTc0Mzg0NDI0MiwianRpIjoiMmM1NTU4MmUtYTY3MC00ZmMzLThkMzYtNWQ3MDU4YzYyOGY5IiwiaXNzIjoiaHR0cHM6Ly9rYy5jb25jb24udm4vcmVhbG1zL3ZraG9fc3RhZyIsInN1YiI6IjIzYzY2NzE3LThkY2EtNDk3MS1hZDA5LTk2ODFkNjMyZjA5YyIsInR5cCI6IkJlYXJlciIsImF6cCI6InZraG9fYXBwIiwic2lkIjoiNTQxOTdkZDMtZjI5Yy00YTYwLTk0NzktNTdhZThhNjdmYmE5IiwiYWNyIjoiMSIsImFsbG93ZWQtb3JpZ2lucyI6WyIqIl0sInJlYWxtX2FjY2VzcyI6eyJyb2xlcyI6WyJtYW5hZ2VyIiwic3RhZmYiXX0sInNjb3BlIjoib3BlbmlkIHByb2ZpbGUgZW1haWwiLCJlbWFpbF92ZXJpZmllZCI6ZmFsc2UsIm5hbWUiOiJIdXkgUUMgTWFuYWdlciIsInByZWZlcnJlZF91c2VybmFtZSI6Imh1eW5oMjIubWFuYWdlciIsImdpdmVuX25hbWUiOiJIdXkiLCJmYW1pbHlfbmFtZSI6IlFDIE1hbmFnZXIiLCJlbWFpbCI6InZvbGliZWFyMTUzQGdtYWlsLmNvbSJ9.hrEHRsPc6iOlz6MGACuVJRIcVIt3Fbc9dI6vuk4V6FOeogCmAzByRtBwe6yVFiiic12u-QE2yHntZhHY2Sf0F69oW1mWkTNbw6dJSnH63x1idWakQVWQ-AmsKefp6KPBR13WVXfqc0olOfc4D9eWbDyyPVaikOlR7eEOm63s86VSxgX99T2zd-kX033yXrdw8ZVkd8_8iskFVQAF4DlJa9rif1TLWZG3WvshBmHNOeyKGkIPjUupxptMzI3hOyzchguX5r1fMcuu6XD2miDm5qsg3vHipbF_4T1GwY5hOWGeqYcfrnIhIIDILOk85RFV1DNKiIstCOV29ytwgFqd9g","expires_in":25200,"refresh_expires_in":21600,"refresh_token":"eyJhbGciOiJIUzUxMiIsInR5cCIgOiAiSldUIiwia2lkIiA6ICIzN2Y0YjMyOS02ZjY5LTRiOWItYmY2OC1kMTI1NTA0MDU0NzEifQ.eyJleHAiOjE3NDM4NjU4NDIsImlhdCI6MTc0Mzg0NDI0MiwianRpIjoiNzBjMmM1ODMtZjNlNy00NjYyLWJhYzYtZmE1ZWE5Mjc1MTIxIiwiaXNzIjoiaHR0cHM6Ly9rYy5jb25jb24udm4vcmVhbG1zL3ZraG9fc3RhZyIsImF1ZCI6Imh0dHBzOi8va2MuY29uY29uLnZuL3JlYWxtcy92a2hvX3N0YWciLCJzdWIiOiIyM2M2NjcxNy04ZGNhLTQ5NzEtYWQwOS05NjgxZDYzMmYwOWMiLCJ0eXAiOiJSZWZyZXNoIiwiYXpwIjoidmtob19hcHAiLCJzaWQiOiI1NDE5N2RkMy1mMjljLTRhNjAtOTQ3OS01N2FlOGE2N2ZiYTkiLCJzY29wZSI6Im9wZW5pZCB3ZWItb3JpZ2lucyBhY3IgcHJvZmlsZSBlbWFpbCBiYXNpYyByb2xlcyJ9.Z4j9bS80zZh7DapJDp-xINP5ah3D_x2AkfZ2AuuS785AnBaSo-S6k3f95EEQnn_K0u4fLC413B7gV7ZHqSCicA","token_type":"Bearer","id_token":"eyJhbGciOiJSUzI1NiIsInR5cCIgOiAiSldUIiwia2lkIiA6ICI0TVhBLW1VYjduYV90RjNJd1VrWXNreHZrbVNqQWJpSEV6MnFpN3ZaRGhJIn0.eyJleHAiOjE3NDM4Njk0NDIsImlhdCI6MTc0Mzg0NDI0MiwianRpIjoiNjhlODkzNjQtZTcyZi00YjRmLWEzNTItZmRmN2Y3ZjU2M2Y3IiwiaXNzIjoiaHR0cHM6Ly9rYy5jb25jb24udm4vcmVhbG1zL3ZraG9fc3RhZyIsImF1ZCI6InZraG9fYXBwIiwic3ViIjoiMjNjNjY3MTctOGRjYS00OTcxLWFkMDktOTY4MWQ2MzJmMDljIiwidHlwIjoiSUQiLCJhenAiOiJ2a2hvX2FwcCIsInNpZCI6IjU0MTk3ZGQzLWYyOWMtNGE2MC05NDc5LTU3YWU4YTY3ZmJhOSIsImF0X2hhc2giOiJ4djg4Y1lrendnaFBGeFQ3RjVmZ1RBIiwiYWNyIjoiMSIsImVtYWlsX3ZlcmlmaWVkIjpmYWxzZSwibmFtZSI6Ikh1eSBRQyBNYW5hZ2VyIiwicHJlZmVycmVkX3VzZXJuYW1lIjoiaHV5bmgyMi5tYW5hZ2VyIiwiZ2l2ZW5fbmFtZSI6Ikh1eSIsImZhbWlseV9uYW1lIjoiUUMgTWFuYWdlciIsImVtYWlsIjoidm9saWJlYXIxNTNAZ21haWwuY29tIn0.VhH9P-RBxf5FnzaySprSUnuJnC7-rxQf1t9wfOdhXUitxLlcX6MKyP9XmYuujeMuJZQREU3kjIxttxvTM-eAy692A9wRQSO8_-i0xmPG6M6qjlOchENDhKYQjXQaVHO-YiLMQqeZuWePt8_-DGoDY6NoF_bYzUOEZ9g5GEUW16eJlcr-mIymb6xmenFP-kCsS1uAqR6ysDjnUlA6uDgLIDXz6_BfbeLD7_Dr1r1OJHUb2bgDWWhrA_bfKyTbtUh5IovzoU0-BapBaNIyqi82WuwueWtS9ksgOckeEX3DF-E7zUzuNg6uvwi2nwtgFAJcLx43to97-Ku5Zf4sP78SVw","not-before-policy":0,"session_state":"54197dd3-f29c-4a60-9479-57ae8a67fba9","scope":"openid profile email"} 
 </msg>
<msg time="2025-04-05T16:10:42.905679" level="INFO">${response} = &lt;Response [201]&gt;</msg>
<var>${response}</var>
<arg>vkho</arg>
<arg>/auth/login</arg>
<arg>json=${body}</arg>
<arg>headers=${headers}</arg>
<arg>expected_status=201</arg>
<doc>Sends a POST request on a previously created HTTP Session.</doc>
<status status="PASS" start="2025-04-05T16:10:42.622870" elapsed="0.282834"/>
</kw>
<kw name="Log" owner="BuiltIn">
<msg time="2025-04-05T16:10:42.906610" level="INFO">{"access_token":"eyJhbGciOiJSUzI1NiIsInR5cCIgOiAiSldUIiwia2lkIiA6ICI0TVhBLW1VYjduYV90RjNJd1VrWXNreHZrbVNqQWJpSEV6MnFpN3ZaRGhJIn0.eyJleHAiOjE3NDM4Njk0NDIsImlhdCI6MTc0Mzg0NDI0MiwianRpIjoiMmM1NTU4MmUtYTY3MC00ZmMzLThkMzYtNWQ3MDU4YzYyOGY5IiwiaXNzIjoiaHR0cHM6Ly9rYy5jb25jb24udm4vcmVhbG1zL3ZraG9fc3RhZyIsInN1YiI6IjIzYzY2NzE3LThkY2EtNDk3MS1hZDA5LTk2ODFkNjMyZjA5YyIsInR5cCI6IkJlYXJlciIsImF6cCI6InZraG9fYXBwIiwic2lkIjoiNTQxOTdkZDMtZjI5Yy00YTYwLTk0NzktNTdhZThhNjdmYmE5IiwiYWNyIjoiMSIsImFsbG93ZWQtb3JpZ2lucyI6WyIqIl0sInJlYWxtX2FjY2VzcyI6eyJyb2xlcyI6WyJtYW5hZ2VyIiwic3RhZmYiXX0sInNjb3BlIjoib3BlbmlkIHByb2ZpbGUgZW1haWwiLCJlbWFpbF92ZXJpZmllZCI6ZmFsc2UsIm5hbWUiOiJIdXkgUUMgTWFuYWdlciIsInByZWZlcnJlZF91c2VybmFtZSI6Imh1eW5oMjIubWFuYWdlciIsImdpdmVuX25hbWUiOiJIdXkiLCJmYW1pbHlfbmFtZSI6IlFDIE1hbmFnZXIiLCJlbWFpbCI6InZvbGliZWFyMTUzQGdtYWlsLmNvbSJ9.hrEHRsPc6iOlz6MGACuVJRIcVIt3Fbc9dI6vuk4V6FOeogCmAzByRtBwe6yVFiiic12u-QE2yHntZhHY2Sf0F69oW1mWkTNbw6dJSnH63x1idWakQVWQ-AmsKefp6KPBR13WVXfqc0olOfc4D9eWbDyyPVaikOlR7eEOm63s86VSxgX99T2zd-kX033yXrdw8ZVkd8_8iskFVQAF4DlJa9rif1TLWZG3WvshBmHNOeyKGkIPjUupxptMzI3hOyzchguX5r1fMcuu6XD2miDm5qsg3vHipbF_4T1GwY5hOWGeqYcfrnIhIIDILOk85RFV1DNKiIstCOV29ytwgFqd9g","expires_in":25200,"refresh_expires_in":21600,"refresh_token":"eyJhbGciOiJIUzUxMiIsInR5cCIgOiAiSldUIiwia2lkIiA6ICIzN2Y0YjMyOS02ZjY5LTRiOWItYmY2OC1kMTI1NTA0MDU0NzEifQ.eyJleHAiOjE3NDM4NjU4NDIsImlhdCI6MTc0Mzg0NDI0MiwianRpIjoiNzBjMmM1ODMtZjNlNy00NjYyLWJhYzYtZmE1ZWE5Mjc1MTIxIiwiaXNzIjoiaHR0cHM6Ly9rYy5jb25jb24udm4vcmVhbG1zL3ZraG9fc3RhZyIsImF1ZCI6Imh0dHBzOi8va2MuY29uY29uLnZuL3JlYWxtcy92a2hvX3N0YWciLCJzdWIiOiIyM2M2NjcxNy04ZGNhLTQ5NzEtYWQwOS05NjgxZDYzMmYwOWMiLCJ0eXAiOiJSZWZyZXNoIiwiYXpwIjoidmtob19hcHAiLCJzaWQiOiI1NDE5N2RkMy1mMjljLTRhNjAtOTQ3OS01N2FlOGE2N2ZiYTkiLCJzY29wZSI6Im9wZW5pZCB3ZWItb3JpZ2lucyBhY3IgcHJvZmlsZSBlbWFpbCBiYXNpYyByb2xlcyJ9.Z4j9bS80zZh7DapJDp-xINP5ah3D_x2AkfZ2AuuS785AnBaSo-S6k3f95EEQnn_K0u4fLC413B7gV7ZHqSCicA","token_type":"Bearer","id_token":"eyJhbGciOiJSUzI1NiIsInR5cCIgOiAiSldUIiwia2lkIiA6ICI0TVhBLW1VYjduYV90RjNJd1VrWXNreHZrbVNqQWJpSEV6MnFpN3ZaRGhJIn0.eyJleHAiOjE3NDM4Njk0NDIsImlhdCI6MTc0Mzg0NDI0MiwianRpIjoiNjhlODkzNjQtZTcyZi00YjRmLWEzNTItZmRmN2Y3ZjU2M2Y3IiwiaXNzIjoiaHR0cHM6Ly9rYy5jb25jb24udm4vcmVhbG1zL3ZraG9fc3RhZyIsImF1ZCI6InZraG9fYXBwIiwic3ViIjoiMjNjNjY3MTctOGRjYS00OTcxLWFkMDktOTY4MWQ2MzJmMDljIiwidHlwIjoiSUQiLCJhenAiOiJ2a2hvX2FwcCIsInNpZCI6IjU0MTk3ZGQzLWYyOWMtNGE2MC05NDc5LTU3YWU4YTY3ZmJhOSIsImF0X2hhc2giOiJ4djg4Y1lrendnaFBGeFQ3RjVmZ1RBIiwiYWNyIjoiMSIsImVtYWlsX3ZlcmlmaWVkIjpmYWxzZSwibmFtZSI6Ikh1eSBRQyBNYW5hZ2VyIiwicHJlZmVycmVkX3VzZXJuYW1lIjoiaHV5bmgyMi5tYW5hZ2VyIiwiZ2l2ZW5fbmFtZSI6Ikh1eSIsImZhbWlseV9uYW1lIjoiUUMgTWFuYWdlciIsImVtYWlsIjoidm9saWJlYXIxNTNAZ21haWwuY29tIn0.VhH9P-RBxf5FnzaySprSUnuJnC7-rxQf1t9wfOdhXUitxLlcX6MKyP9XmYuujeMuJZQREU3kjIxttxvTM-eAy692A9wRQSO8_-i0xmPG6M6qjlOchENDhKYQjXQaVHO-YiLMQqeZuWePt8_-DGoDY6NoF_bYzUOEZ9g5GEUW16eJlcr-mIymb6xmenFP-kCsS1uAqR6ysDjnUlA6uDgLIDXz6_BfbeLD7_Dr1r1OJHUb2bgDWWhrA_bfKyTbtUh5IovzoU0-BapBaNIyqi82WuwueWtS9ksgOckeEX3DF-E7zUzuNg6uvwi2nwtgFAJcLx43to97-Ku5Zf4sP78SVw","not-before-policy":0,"session_state":"54197dd3-f29c-4a60-9479-57ae8a67fba9","scope":"openid profile email"}</msg>
<arg>${response.text}</arg>
<doc>Logs the given message with the given level.</doc>
<status status="PASS" start="2025-04-05T16:10:42.906044" elapsed="0.000710"/>
</kw>
<kw name="Evaluate" owner="BuiltIn">
<msg time="2025-04-05T16:10:42.908061" level="INFO">${json} = {'access_token': 'eyJhbGciOiJSUzI1NiIsInR5cCIgOiAiSldUIiwia2lkIiA6ICI0TVhBLW1VYjduYV90RjNJd1VrWXNreHZrbVNqQWJpSEV6MnFpN3ZaRGhJIn0.eyJleHAiOjE3NDM4Njk0NDIsImlhdCI6MTc0Mzg0NDI0MiwianRpIjoiMmM1NTU4MmUtYT...</msg>
<var>${json}</var>
<arg>json.loads('''${response.text}''')</arg>
<arg>json</arg>
<doc>Evaluates the given expression in Python and returns the result.</doc>
<status status="PASS" start="2025-04-05T16:10:42.907019" elapsed="0.001071"/>
</kw>
<kw name="Dictionary Should Contain Key" owner="Collections">
<arg>${json}</arg>
<arg>access_token</arg>
<doc>Fails if ``key`` is not found from ``dictionary``.</doc>
<status status="PASS" start="2025-04-05T16:10:42.908334" elapsed="0.000140"/>
</kw>
<kw name="Set Suite Variable" owner="BuiltIn">
<msg time="2025-04-05T16:10:42.909594" level="INFO">${ACCESS_TOKEN} = eyJhbGciOiJSUzI1NiIsInR5cCIgOiAiSldUIiwia2lkIiA6ICI0TVhBLW1VYjduYV90RjNJd1VrWXNreHZrbVNqQWJpSEV6MnFpN3ZaRGhJIn0.eyJleHAiOjE3NDM4Njk0NDIsImlhdCI6MTc0Mzg0NDI0MiwianRpIjoiMmM1NTU4MmUtYTY3MC00ZmMzLThkMzYt...</msg>
<arg>${ACCESS_TOKEN}</arg>
<arg>${json}[access_token]</arg>
<doc>Makes a variable available everywhere within the scope of the current suite.</doc>
<status status="PASS" start="2025-04-05T16:10:42.908722" elapsed="0.000915"/>
</kw>
<kw name="Create Directory" owner="OperatingSystem">
<msg time="2025-04-05T16:10:42.910255" level="INFO" html="true">Created directory '&lt;a href="file://D:\robot_file\Variables\results"&gt;D:\robot_file\Variables\results&lt;/a&gt;'.</msg>
<arg>${RESULTS_DIR}</arg>
<doc>Creates the specified directory.</doc>
<status status="PASS" start="2025-04-05T16:10:42.909897" elapsed="0.000411"/>
</kw>
<kw name="Evaluate" owner="BuiltIn">
<msg time="2025-04-05T16:10:42.911097" level="INFO">${timestamp} = 1743844242911</msg>
<var>${timestamp}</var>
<arg>int(round(time.time() * 1000))</arg>
<arg>time</arg>
<doc>Evaluates the given expression in Python and returns the result.</doc>
<status status="PASS" start="2025-04-05T16:10:42.910861" elapsed="0.000262"/>
</kw>
<kw name="Create File" owner="OperatingSystem">
<msg time="2025-04-05T16:10:42.913415" level="INFO" html="true">Created file '&lt;a href="file://D:\robot_file\Variables\results\login_response_1743844242911.json"&gt;D:\robot_file\Variables\results\login_response_1743844242911.json&lt;/a&gt;'.</msg>
<arg>${RESULTS_DIR}${/}login_response_${timestamp}.json</arg>
<arg>${response.text}</arg>
<doc>Creates a file with the given content and encoding.</doc>
<status status="PASS" start="2025-04-05T16:10:42.911484" elapsed="0.002019"/>
</kw>
<kw name="Log" owner="BuiltIn">
<msg time="2025-04-05T16:10:42.913998" level="INFO">Login successful. Token: Bearer eyJhbGciOiJSUzI1NiIsInR5cCIgOiAiSldUIiwia2lkIiA6ICI0TVhBLW1VYjduYV90RjNJd1VrWXNreHZrbVNqQWJpSEV6MnFpN3ZaRGhJIn0.eyJleHAiOjE3NDM4Njk0NDIsImlhdCI6MTc0Mzg0NDI0MiwianRpIjoiMmM1NTU4MmUtYTY3MC00ZmMzLThkMzYtNWQ3MDU4YzYyOGY5IiwiaXNzIjoiaHR0cHM6Ly9rYy5jb25jb24udm4vcmVhbG1zL3ZraG9fc3RhZyIsInN1YiI6IjIzYzY2NzE3LThkY2EtNDk3MS1hZDA5LTk2ODFkNjMyZjA5YyIsInR5cCI6IkJlYXJlciIsImF6cCI6InZraG9fYXBwIiwic2lkIjoiNTQxOTdkZDMtZjI5Yy00YTYwLTk0NzktNTdhZThhNjdmYmE5IiwiYWNyIjoiMSIsImFsbG93ZWQtb3JpZ2lucyI6WyIqIl0sInJlYWxtX2FjY2VzcyI6eyJyb2xlcyI6WyJtYW5hZ2VyIiwic3RhZmYiXX0sInNjb3BlIjoib3BlbmlkIHByb2ZpbGUgZW1haWwiLCJlbWFpbF92ZXJpZmllZCI6ZmFsc2UsIm5hbWUiOiJIdXkgUUMgTWFuYWdlciIsInByZWZlcnJlZF91c2VybmFtZSI6Imh1eW5oMjIubWFuYWdlciIsImdpdmVuX25hbWUiOiJIdXkiLCJmYW1pbHlfbmFtZSI6IlFDIE1hbmFnZXIiLCJlbWFpbCI6InZvbGliZWFyMTUzQGdtYWlsLmNvbSJ9.hrEHRsPc6iOlz6MGACuVJRIcVIt3Fbc9dI6vuk4V6FOeogCmAzByRtBwe6yVFiiic12u-QE2yHntZhHY2Sf0F69oW1mWkTNbw6dJSnH63x1idWakQVWQ-AmsKefp6KPBR13WVXfqc0olOfc4D9eWbDyyPVaikOlR7eEOm63s86VSxgX99T2zd-kX033yXrdw8ZVkd8_8iskFVQAF4DlJa9rif1TLWZG3WvshBmHNOeyKGkIPjUupxptMzI3hOyzchguX5r1fMcuu6XD2miDm5qsg3vHipbF_4T1GwY5hOWGeqYcfrnIhIIDILOk85RFV1DNKiIstCOV29ytwgFqd9g</msg>
<arg>Login successful. Token: Bearer ${ACCESS_TOKEN}</arg>
<doc>Logs the given message with the given level.</doc>
<status status="PASS" start="2025-04-05T16:10:42.913822" elapsed="0.000236"/>
</kw>
<doc>Verify that a user can successfully login and receive a token</doc>
<tag>authentication</tag>
<tag>login</tag>
<tag>positive</tag>
<status status="PASS" start="2025-04-05T16:10:42.618863" elapsed="0.295391"/>
</test>
<test id="s1-s1-t2" name="User Authentication Should Be Validated With Valid Token" line="45">
<kw name="Should Not Be Empty" owner="BuiltIn">
<msg time="2025-04-05T16:10:42.915722" level="INFO">Length is 1151.</msg>
<arg>${ACCESS_TOKEN}</arg>
<arg>msg=No authentication token available. Run login test first.</arg>
<doc>Verifies that the given item is not empty.</doc>
<status status="PASS" start="2025-04-05T16:10:42.915551" elapsed="0.000216"/>
</kw>
<kw name="Create Dictionary" owner="BuiltIn">
<msg time="2025-04-05T16:10:42.916188" level="INFO">${headers} = {'Authorization': 'Bearer eyJhbGciOiJSUzI1NiIsInR5cCIgOiAiSldUIiwia2lkIiA6ICI0TVhBLW1VYjduYV90RjNJd1VrWXNreHZrbVNqQWJpSEV6MnFpN3ZaRGhJIn0.eyJleHAiOjE3NDM4Njk0NDIsImlhdCI6MTc0Mzg0NDI0MiwianRpIjoiMmM1NT...</msg>
<var>${headers}</var>
<arg>Authorization=Bearer ${ACCESS_TOKEN}</arg>
<arg>Content-Type=application/json</arg>
<doc>Creates and returns a dictionary based on the given ``items``.</doc>
<status status="PASS" start="2025-04-05T16:10:42.915968" elapsed="0.000247"/>
</kw>
<kw name="GET On Session" owner="RequestsLibrary">
<msg time="2025-04-05T16:10:42.979508" level="INFO">GET Request : url=https://api.vkho.net/auth/authenticate 
 path_url=/auth/authenticate 
 headers={'User-Agent': 'python-requests/2.32.3', 'Accept-Encoding': 'gzip, deflate', 'Accept': '*/*', 'Connection': 'keep-alive', 'Authorization': 'Bearer eyJhbGciOiJSUzI1NiIsInR5cCIgOiAiSldUIiwia2lkIiA6ICI0TVhBLW1VYjduYV90RjNJd1VrWXNreHZrbVNqQWJpSEV6MnFpN3ZaRGhJIn0.eyJleHAiOjE3NDM4Njk0NDIsImlhdCI6MTc0Mzg0NDI0MiwianRpIjoiMmM1NTU4MmUtYTY3MC00ZmMzLThkMzYtNWQ3MDU4YzYyOGY5IiwiaXNzIjoiaHR0cHM6Ly9rYy5jb25jb24udm4vcmVhbG1zL3ZraG9fc3RhZyIsInN1YiI6IjIzYzY2NzE3LThkY2EtNDk3MS1hZDA5LTk2ODFkNjMyZjA5YyIsInR5cCI6IkJlYXJlciIsImF6cCI6InZraG9fYXBwIiwic2lkIjoiNTQxOTdkZDMtZjI5Yy00YTYwLTk0NzktNTdhZThhNjdmYmE5IiwiYWNyIjoiMSIsImFsbG93ZWQtb3JpZ2lucyI6WyIqIl0sInJlYWxtX2FjY2VzcyI6eyJyb2xlcyI6WyJtYW5hZ2VyIiwic3RhZmYiXX0sInNjb3BlIjoib3BlbmlkIHByb2ZpbGUgZW1haWwiLCJlbWFpbF92ZXJpZmllZCI6ZmFsc2UsIm5hbWUiOiJIdXkgUUMgTWFuYWdlciIsInByZWZlcnJlZF91c2VybmFtZSI6Imh1eW5oMjIubWFuYWdlciIsImdpdmVuX25hbWUiOiJIdXkiLCJmYW1pbHlfbmFtZSI6IlFDIE1hbmFnZXIiLCJlbWFpbCI6InZvbGliZWFyMTUzQGdtYWlsLmNvbSJ9.hrEHRsPc6iOlz6MGACuVJRIcVIt3Fbc9dI6vuk4V6FOeogCmAzByRtBwe6yVFiiic12u-QE2yHntZhHY2Sf0F69oW1mWkTNbw6dJSnH63x1idWakQVWQ-AmsKefp6KPBR13WVXfqc0olOfc4D9eWbDyyPVaikOlR7eEOm63s86VSxgX99T2zd-kX033yXrdw8ZVkd8_8iskFVQAF4DlJa9rif1TLWZG3WvshBmHNOeyKGkIPjUupxptMzI3hOyzchguX5r1fMcuu6XD2miDm5qsg3vHipbF_4T1GwY5hOWGeqYcfrnIhIIDILOk85RFV1DNKiIstCOV29ytwgFqd9g', 'Content-Type': 'application/json'} 
 body=None 
 </msg>
<msg time="2025-04-05T16:10:42.979589" level="INFO">GET Response : url=https://api.vkho.net/auth/authenticate 
 status=200, reason=OK 
 headers={'Access-Control-Allow-Origin': '*', 'Alt-Svc': 'h3=":443"; ma=2592000', 'Content-Length': '940', 'Content-Type': 'application/json; charset=utf-8', 'Date': 'Sat, 05 Apr 2025 09:10:42 GMT', 'Etag': 'W/"3ac-gyanqxN2Xiv1/AtYbx7EfJWSHVE"', 'Server': 'Caddy'} 
 body={"userInfo":{"sub":"23c66717-8dca-4971-ad09-9681d632f09c","email_verified":false,"name":"Huy QC Manager","preferred_username":"huynh22.manager","given_name":"Huy","family_name":"QC Manager","email":"volibear153@gmail.com"},"warehouses":[{"id":6,"name":"Distribution Hub","code":"WH_6","address":"2924 Mount Street, CINCINNATI, OH 45268","acreage":50000,"createDate":"2025-03-03T04:40:09.315Z","status":"ENABLE","userIds":["23c66717-8dca-4971-ad09-9681d632f09c","c2f403dc-86e0-4986-884a-eb875caa8f15","7094178e-56ce-449f-804f-6fab9a4b1a74","93e527b4-9844-4df0-bd9f-387e30c60acc"]},{"id":7,"name":"Fulfillment Zone","code":"WH_7","address":"29715 3rd Street, Royalworth, Missouri - 57379, Germany","acreage":50000,"createDate":"2025-03-03T04:41:13.434Z","status":"ENABLE","userIds":["23c66717-8dca-4971-ad09-9681d632f09c","c2f403dc-86e0-4986-884a-eb875caa8f15","7094178e-56ce-449f-804f-6fab9a4b1a74","93e527b4-9844-4df0-bd9f-387e30c60acc"]}]} 
 </msg>
<msg time="2025-04-05T16:10:42.979784" level="INFO">${response} = &lt;Response [200]&gt;</msg>
<var>${response}</var>
<arg>vkho</arg>
<arg>/auth/authenticate</arg>
<arg>headers=${headers}</arg>
<arg>expected_status=200</arg>
<doc>Sends a GET request on a previously created HTTP Session.</doc>
<status status="PASS" start="2025-04-05T16:10:42.916458" elapsed="0.063352"/>
</kw>
<kw name="Should Not Be Empty" owner="BuiltIn">
<msg time="2025-04-05T16:10:42.980707" level="INFO">Length is 940.</msg>
<arg>${response.text}</arg>
<doc>Verifies that the given item is not empty.</doc>
<status status="PASS" start="2025-04-05T16:10:42.980128" elapsed="0.000636"/>
</kw>
<kw name="Evaluate" owner="BuiltIn">
<msg time="2025-04-05T16:10:42.981307" level="INFO">${timestamp} = 1743844242981</msg>
<var>${timestamp}</var>
<arg>int(round(time.time() * 1000))</arg>
<arg>time</arg>
<doc>Evaluates the given expression in Python and returns the result.</doc>
<status status="PASS" start="2025-04-05T16:10:42.981068" elapsed="0.000264"/>
</kw>
<kw name="Create File" owner="OperatingSystem">
<msg time="2025-04-05T16:10:42.982556" level="INFO" html="true">Created file '&lt;a href="file://D:\robot_file\Variables\results\auth_response_1743844242981.json"&gt;D:\robot_file\Variables\results\auth_response_1743844242981.json&lt;/a&gt;'.</msg>
<arg>${RESULTS_DIR}${/}auth_response_${timestamp}.json</arg>
<arg>${response.text}</arg>
<doc>Creates a file with the given content and encoding.</doc>
<status status="PASS" start="2025-04-05T16:10:42.981580" elapsed="0.001033"/>
</kw>
<kw name="Log" owner="BuiltIn">
<msg time="2025-04-05T16:10:42.982961" level="INFO">Authentication successful</msg>
<arg>Authentication successful</arg>
<doc>Logs the given message with the given level.</doc>
<status status="PASS" start="2025-04-05T16:10:42.982874" elapsed="0.000140"/>
</kw>
<kw name="Log" owner="BuiltIn">
<msg time="2025-04-05T16:10:42.983767" level="INFO">Response: {"userInfo":{"sub":"23c66717-8dca-4971-ad09-9681d632f09c","email_verified":false,"name":"Huy QC Manager","preferred_username":"huynh22.manager","given_name":"Huy","family_name":"QC Manager","email":"volibear153@gmail.com"},"warehouses":[{"id":6,"name":"Distribution Hub","code":"WH_6","address":"2924 Mount Street, CINCINNATI, OH 45268","acreage":50000,"createDate":"2025-03-03T04:40:09.315Z","status":"ENABLE","userIds":["23c66717-8dca-4971-ad09-9681d632f09c","c2f403dc-86e0-4986-884a-eb875caa8f15","7094178e-56ce-449f-804f-6fab9a4b1a74","93e527b4-9844-4df0-bd9f-387e30c60acc"]},{"id":7,"name":"Fulfillment Zone","code":"WH_7","address":"29715 3rd Street, Royalworth, Missouri - 57379, Germany","acreage":50000,"createDate":"2025-03-03T04:41:13.434Z","status":"ENABLE","userIds":["23c66717-8dca-4971-ad09-9681d632f09c","c2f403dc-86e0-4986-884a-eb875caa8f15","7094178e-56ce-449f-804f-6fab9a4b1a74","93e527b4-9844-4df0-bd9f-387e30c60acc"]}]}</msg>
<arg>Response: ${response.text}</arg>
<doc>Logs the given message with the given level.</doc>
<status status="PASS" start="2025-04-05T16:10:42.983260" elapsed="0.000554"/>
</kw>
<doc>Verify that a user can access protected resources with a valid token</doc>
<tag>authentication</tag>
<tag>positive</tag>
<status status="PASS" start="2025-04-05T16:10:42.915107" elapsed="0.068952"/>
</test>
<test id="s1-s1-t3" name="User Authentication Should Fail With Invalid Token" line="73">
<kw name="Create Session" owner="RequestsLibrary">
<msg time="2025-04-05T16:10:42.985757" level="INFO">Creating Session using : alias=vkho_invalid, url=https://api.vkho.net, headers={},                     cookies={}, auth=None, timeout=None, proxies=None, verify=True,                     debug=0 </msg>
<arg>vkho_invalid</arg>
<arg>${BASE_URL}</arg>
<arg>verify=True</arg>
<arg>disable_warnings=True</arg>
<doc>Create Session: create a HTTP session to a server</doc>
<status status="PASS" start="2025-04-05T16:10:42.985514" elapsed="0.000408"/>
</kw>
<kw name="Create Dictionary" owner="BuiltIn">
<msg time="2025-04-05T16:10:42.986360" level="INFO">${headers} = {'Authorization': 'Bearer InvalidToken123', 'Content-Type': 'application/json'}</msg>
<var>${headers}</var>
<arg>Authorization=Bearer InvalidToken123</arg>
<arg>Content-Type=application/json</arg>
<doc>Creates and returns a dictionary based on the given ``items``.</doc>
<status status="PASS" start="2025-04-05T16:10:42.986194" elapsed="0.000192"/>
</kw>
<kw name="Run Keyword And Expect Error" owner="BuiltIn">
<kw name="GET On Session" owner="RequestsLibrary">
<msg time="2025-04-05T16:10:43.019134" level="INFO">GET Request : url=https://api.vkho.net/auth/authenticate 
 path_url=/auth/authenticate 
 headers={'User-Agent': 'python-requests/2.32.3', 'Accept-Encoding': 'gzip, deflate', 'Accept': '*/*', 'Connection': 'keep-alive', 'Authorization': 'Bearer InvalidToken123', 'Content-Type': 'application/json'} 
 body=None 
 </msg>
<msg time="2025-04-05T16:10:43.019203" level="INFO">GET Response : url=https://api.vkho.net/auth/authenticate 
 status=401, reason=Unauthorized 
 headers={'Access-Control-Allow-Origin': '*', 'Alt-Svc': 'h3=":443"; ma=2592000', 'Content-Length': '111', 'Content-Type': 'application/json; charset=utf-8', 'Date': 'Sat, 05 Apr 2025 09:10:43 GMT', 'Etag': 'W/"6f-aDhmRUcIY16a0hoAfoHOLjQ2u+o"', 'Server': 'Caddy'} 
 body={"statusCode":401,"timestamp":"2025-04-05T09:10:43.040Z","path":"/auth/authenticate","message":"Invalid token"} 
 </msg>
<msg time="2025-04-05T16:10:43.019352" level="FAIL">HTTPError: 401 Client Error: Unauthorized for url: https://api.vkho.net/auth/authenticate</msg>
<arg>vkho_invalid</arg>
<arg>/auth/authenticate</arg>
<arg>headers=${headers}</arg>
<doc>Sends a GET request on a previously created HTTP Session.</doc>
<status status="FAIL" start="2025-04-05T16:10:42.986772" elapsed="0.035101">HTTPError: 401 Client Error: Unauthorized for url: https://api.vkho.net/auth/authenticate</status>
</kw>
<arg>*</arg>
<arg>GET On Session</arg>
<arg>vkho_invalid</arg>
<arg>/auth/authenticate</arg>
<arg>headers=${headers}</arg>
<doc>Runs the keyword and checks that the expected error occurred.</doc>
<status status="PASS" start="2025-04-05T16:10:42.986636" elapsed="0.035459"/>
</kw>
<kw name="Log" owner="BuiltIn">
<msg time="2025-04-05T16:10:43.022636" level="INFO">Authentication failed as expected with invalid token</msg>
<arg>Authentication failed as expected with invalid token</arg>
<doc>Logs the given message with the given level.</doc>
<status status="PASS" start="2025-04-05T16:10:43.022485" elapsed="0.000221"/>
</kw>
<doc>Verify that authentication fails with an invalid token</doc>
<tag>authentication</tag>
<tag>negative</tag>
<status status="PASS" start="2025-04-05T16:10:42.985032" elapsed="0.037887"/>
</test>
<test id="s1-s1-t4" name="User Should Not Be Able To Login With Invalid Credentials" line="94">
<kw name="Create Session" owner="RequestsLibrary">
<msg time="2025-04-05T16:10:43.024487" level="INFO">Creating Session using : alias=vkho_negative, url=https://api.vkho.net, headers={},                     cookies={}, auth=None, timeout=None, proxies=None, verify=True,                     debug=0 </msg>
<arg>vkho_negative</arg>
<arg>${BASE_URL}</arg>
<arg>verify=True</arg>
<arg>disable_warnings=True</arg>
<doc>Create Session: create a HTTP session to a server</doc>
<status status="PASS" start="2025-04-05T16:10:43.024245" elapsed="0.000391"/>
</kw>
<kw name="Create Dictionary" owner="BuiltIn">
<msg time="2025-04-05T16:10:43.025025" level="INFO">${headers} = {'Content-Type': 'application/json'}</msg>
<var>${headers}</var>
<arg>Content-Type=application/json</arg>
<doc>Creates and returns a dictionary based on the given ``items``.</doc>
<status status="PASS" start="2025-04-05T16:10:43.024873" elapsed="0.000175"/>
</kw>
<kw name="Create Dictionary" owner="BuiltIn">
<msg time="2025-04-05T16:10:43.025415" level="INFO">${body} = {'username': 'invalid_user', 'password': 'invalid_password'}</msg>
<var>${body}</var>
<arg>username=invalid_user</arg>
<arg>password=invalid_password</arg>
<doc>Creates and returns a dictionary based on the given ``items``.</doc>
<status status="PASS" start="2025-04-05T16:10:43.025268" elapsed="0.000170"/>
</kw>
<kw name="Run Keyword And Expect Error" owner="BuiltIn">
<kw name="POST On Session" owner="RequestsLibrary">
<msg time="2025-04-05T16:10:43.203727" level="INFO">POST Request : url=https://api.vkho.net/auth/login 
 path_url=/auth/login 
 headers={'User-Agent': 'python-requests/2.32.3', 'Accept-Encoding': 'gzip, deflate', 'Accept': '*/*', 'Connection': 'keep-alive', 'Content-Type': 'application/json', 'Content-Length': '60'} 
 body=b'{"username": "invalid_user", "password": "invalid_password"}' 
 </msg>
<msg time="2025-04-05T16:10:43.203792" level="INFO">POST Response : url=https://api.vkho.net/auth/login 
 status=401, reason=Unauthorized 
 headers={'Access-Control-Allow-Origin': '*', 'Alt-Svc': 'h3=":443"; ma=2592000', 'Content-Length': '115', 'Content-Type': 'application/json; charset=utf-8', 'Date': 'Sat, 05 Apr 2025 09:10:43 GMT', 'Etag': 'W/"73-/SGFZldAtei7mJquOE2Almf/VP8"', 'Server': 'Caddy'} 
 body={"statusCode":401,"timestamp":"2025-04-05T09:10:43.224Z","path":"/auth/login","message":"Invalid user credentials"} 
 </msg>
<msg time="2025-04-05T16:10:43.203894" level="FAIL">HTTPError: 401 Client Error: Unauthorized for url: https://api.vkho.net/auth/login</msg>
<arg>vkho_negative</arg>
<arg>/auth/login</arg>
<arg>json=${body}</arg>
<arg>headers=${headers}</arg>
<doc>Sends a POST request on a previously created HTTP Session.</doc>
<status status="FAIL" start="2025-04-05T16:10:43.025835" elapsed="0.178675">HTTPError: 401 Client Error: Unauthorized for url: https://api.vkho.net/auth/login</status>
</kw>
<arg>*</arg>
<arg>POST On Session</arg>
<arg>vkho_negative</arg>
<arg>/auth/login</arg>
<arg>json=${body}</arg>
<arg>headers=${headers}</arg>
<doc>Runs the keyword and checks that the expected error occurred.</doc>
<status status="PASS" start="2025-04-05T16:10:43.025699" elapsed="0.178902"/>
</kw>
<kw name="Log" owner="BuiltIn">
<msg time="2025-04-05T16:10:43.205045" level="INFO">Login failed as expected with invalid credentials</msg>
<arg>Login failed as expected with invalid credentials</arg>
<doc>Logs the given message with the given level.</doc>
<status status="PASS" start="2025-04-05T16:10:43.204944" elapsed="0.000140"/>
</kw>
<doc>Verify that login fails with invalid credentials</doc>
<tag>authentication</tag>
<tag>login</tag>
<tag>negative</tag>
<status status="PASS" start="2025-04-05T16:10:43.023698" elapsed="0.181643"/>
</test>
<doc>Simple API Authentication Test Suite for vKho API Tests login and authentication endpoints</doc>
<status status="PASS" start="2025-04-05T16:10:42.132659" elapsed="1.073763"/>
</suite>
<status status="PASS" start="2025-04-05T16:10:42.102825" elapsed="1.104918"/>
</suite>
<statistics>
<total>
<stat pass="4" fail="0" skip="0">All Tests</stat>
</total>
<tag>
<stat pass="4" fail="0" skip="0">authentication</stat>
<stat pass="2" fail="0" skip="0">login</stat>
<stat pass="2" fail="0" skip="0">negative</stat>
<stat pass="2" fail="0" skip="0">positive</stat>
</tag>
<suite>
<stat name="Auth" id="s1" pass="4" fail="0" skip="0">Auth</stat>
<stat name="Auth Test" id="s1-s1" pass="4" fail="0" skip="0">Auth.Auth Test</stat>
</suite>
</statistics>
<errors>
<msg time="2025-04-05T16:10:42.613630" level="ERROR">Error in file 'D:\robot_file\Variables\variables.robot' on line 21: Setting variable '${TEST_PRODUCT_ORDER_ID} ${EMPTY}' failed: Invalid variable name '${TEST_PRODUCT_ORDER_ID} ${EMPTY}'.</msg>
<msg time="2025-04-05T16:10:42.613821" level="ERROR">Error in file 'D:\robot_file\Variables\variables.robot' on line 22: Setting variable '${TEST_PRODUCT_ORDER_DATA} ${EMPTY}' failed: Invalid variable name '${TEST_PRODUCT_ORDER_DATA} ${EMPTY}'.</msg>
<msg time="2025-04-05T16:10:42.614393" level="ERROR">Error in file 'D:\robot_file\Variables\variables.robot' on line 47: Setting variable '${PRODUCT_ORDER_STATUS_PENDING} PENDING' failed: Invalid variable name '${PRODUCT_ORDER_STATUS_PENDING} PENDING'.</msg>
<msg time="2025-04-05T16:10:42.614531" level="ERROR">Error in file 'D:\robot_file\Variables\variables.robot' on line 48: Setting variable '${PRODUCT_ORDER_STATUS_COMPLETED} COMPLETED' failed: Invalid variable name '${PRODUCT_ORDER_STATUS_COMPLETED} COMPLETED'.</msg>
<msg time="2025-04-05T16:10:42.614700" level="ERROR">Error in file 'D:\robot_file\Variables\variables.robot' on line 49: Setting variable '${PRODUCT_ORDER_STATUS_CANCELLED} CANCELLED' failed: Invalid variable name '${PRODUCT_ORDER_STATUS_CANCELLED} CANCELLED'.</msg>
</errors>
</robot>
