<?xml version="1.0" encoding="UTF-8"?>
<robot generator="Robot 7.2.2 (Python 3.13.2 on win32)" generated="2025-03-31T17:00:29.603107" rpa="false" schemaversion="5">
<suite id="s1" name="Parent Product Categories" source="D:\robot_file\tests\ParentProductCategory\parent_product_categories.robot">
<test id="s1-t1" name="01 - Setup Test Environment" line="248">
<kw name="Setup API Session">
<kw name="Create Session" owner="RequestsLibrary">
<msg time="2025-03-31T17:00:30.115352" level="INFO">Creating Session using : alias=vkho, url=https://api.vkho.net, headers={},                     cookies={}, auth=None, timeout=None, proxies=None, verify=True,                     debug=0 </msg>
<arg>vkho</arg>
<arg>${BASE_URL}</arg>
<arg>verify=True</arg>
<arg>disable_warnings=True</arg>
<doc>Create Session: create a HTTP session to a server</doc>
<status status="PASS" start="2025-03-31T17:00:30.115042" elapsed="0.000507"/>
</kw>
<kw name="Create Dictionary" owner="BuiltIn">
<msg time="2025-03-31T17:00:30.115926" level="INFO">${headers} = {'Content-Type': 'application/json'}</msg>
<var>${headers}</var>
<arg>Content-Type=application/json</arg>
<doc>Creates and returns a dictionary based on the given ``items``.</doc>
<status status="PASS" start="2025-03-31T17:00:30.115705" elapsed="0.000253"/>
</kw>
<kw name="Create Dictionary" owner="BuiltIn">
<msg time="2025-03-31T17:00:30.116267" level="INFO">${body} = {'username': 'huynh22.manager', 'password': 'Snowfox1991'}</msg>
<var>${body}</var>
<arg>username=${USERNAME}</arg>
<arg>password=${PASSWORD}</arg>
<doc>Creates and returns a dictionary based on the given ``items``.</doc>
<status status="PASS" start="2025-03-31T17:00:30.116059" elapsed="0.000232"/>
</kw>
<kw name="POST On Session" owner="RequestsLibrary">
<msg time="2025-03-31T17:00:30.515966" level="INFO">POST Request : url=https://api.vkho.net/auth/login 
 path_url=/auth/login 
 headers={'User-Agent': 'python-requests/2.32.3', 'Accept-Encoding': 'gzip, deflate', 'Accept': '*/*', 'Connection': 'keep-alive', 'Content-Type': 'application/json', 'Content-Length': '58'} 
 body=b'{"username": "huynh22.manager", "password": "Snowfox1991"}' 
 </msg>
<msg time="2025-03-31T17:00:30.516070" level="INFO">POST Response : url=https://api.vkho.net/auth/login 
 status=201, reason=Created 
 headers={'Access-Control-Allow-Origin': '*', 'Alt-Svc': 'h3=":443"; ma=2592000', 'Content-Length': '3123', 'Content-Type': 'application/json; charset=utf-8', 'Date': 'Mon, 31 Mar 2025 10:00:28 GMT', 'Etag': 'W/"c33-AMX0g4M2+RllkwURamnDQTRW0jI"', 'Server': 'Caddy'} 
 body={"access_token":"eyJhbGciOiJSUzI1NiIsInR5cCIgOiAiSldUIiwia2lkIiA6ICI0TVhBLW1VYjduYV90RjNJd1VrWXNreHZrbVNqQWJpSEV6MnFpN3ZaRGhJIn0.eyJleHAiOjE3NDM0NDA0MjgsImlhdCI6MTc0MzQxNTIyOCwianRpIjoiMjA3YzJjYjEtMzVmNC00MjAyLWEzM2MtODcyZTk3NWY1OThkIiwiaXNzIjoiaHR0cHM6Ly9rYy5jb25jb24udm4vcmVhbG1zL3ZraG9fc3RhZyIsInN1YiI6IjIzYzY2NzE3LThkY2EtNDk3MS1hZDA5LTk2ODFkNjMyZjA5YyIsInR5cCI6IkJlYXJlciIsImF6cCI6InZraG9fYXBwIiwic2lkIjoiMTY5OGM4YTctMTY2ZC00ZTUwLWExZTYtYmYyZDQ1YTI2NDY1IiwiYWNyIjoiMSIsImFsbG93ZWQtb3JpZ2lucyI6WyIqIl0sInJlYWxtX2FjY2VzcyI6eyJyb2xlcyI6WyJtYW5hZ2VyIiwic3RhZmYiXX0sInNjb3BlIjoib3BlbmlkIHByb2ZpbGUgZW1haWwiLCJlbWFpbF92ZXJpZmllZCI6ZmFsc2UsIm5hbWUiOiJIdXkgUUMgTWFuYWdlciIsInByZWZlcnJlZF91c2VybmFtZSI6Imh1eW5oMjIubWFuYWdlciIsImdpdmVuX25hbWUiOiJIdXkiLCJmYW1pbHlfbmFtZSI6IlFDIE1hbmFnZXIiLCJlbWFpbCI6InZvbGliZWFyMTUzQGdtYWlsLmNvbSJ9.nLK8SDlkiU1wr0cYrfVQFreqlHdnNXULg1kxXKW0-vHjHd7s9Mhl1r6E3ff4YBZj1Y6LVSaQhgCMSeJAg75GIWLR1ybol5GGrdIry7ARbm1ryGf0BTtuyuS8Ea_3amr_2xRRHXlTMTXX7YAnDzo1kOpGqKGcZI0AT31U3ZMol69VEbj4LFWNJXReooRzTnqG_EmkdIaXd4FW8m0TaStM4Ws7Djx1NykTlRtz5lxpsWyaXO1v8KS8LiFPqVBZ-YKwPoPZ-mF-ujxJOpye1RyeZdjI8wZ1XLZWPn4jfPw9GrThSqnsiOkdK3Ht7GeDeXs62cihykAWikhUp2sKQAdsbA","expires_in":25200,"refresh_expires_in":21600,"refresh_token":"eyJhbGciOiJIUzUxMiIsInR5cCIgOiAiSldUIiwia2lkIiA6ICIzN2Y0YjMyOS02ZjY5LTRiOWItYmY2OC1kMTI1NTA0MDU0NzEifQ.eyJleHAiOjE3NDM0MzY4MjgsImlhdCI6MTc0MzQxNTIyOCwianRpIjoiNmU2ODgxZDUtODc2Ny00ODc3LWEzOWItZDg3Y2EwZjY1OTFiIiwiaXNzIjoiaHR0cHM6Ly9rYy5jb25jb24udm4vcmVhbG1zL3ZraG9fc3RhZyIsImF1ZCI6Imh0dHBzOi8va2MuY29uY29uLnZuL3JlYWxtcy92a2hvX3N0YWciLCJzdWIiOiIyM2M2NjcxNy04ZGNhLTQ5NzEtYWQwOS05NjgxZDYzMmYwOWMiLCJ0eXAiOiJSZWZyZXNoIiwiYXpwIjoidmtob19hcHAiLCJzaWQiOiIxNjk4YzhhNy0xNjZkLTRlNTAtYTFlNi1iZjJkNDVhMjY0NjUiLCJzY29wZSI6Im9wZW5pZCB3ZWItb3JpZ2lucyBhY3IgcHJvZmlsZSBlbWFpbCBiYXNpYyByb2xlcyJ9.wLWNlzsXZKbtSDNMwv4wmwvK7_oLVfSZYnhzn7XUvd5UH5BHXbX8FvMunPK2p9hT46hJUz45RmxnQjfFDAvSSw","token_type":"Bearer","id_token":"eyJhbGciOiJSUzI1NiIsInR5cCIgOiAiSldUIiwia2lkIiA6ICI0TVhBLW1VYjduYV90RjNJd1VrWXNreHZrbVNqQWJpSEV6MnFpN3ZaRGhJIn0.eyJleHAiOjE3NDM0NDA0MjgsImlhdCI6MTc0MzQxNTIyOCwianRpIjoiMGI2NGE0NjEtYmRkMC00MDMzLWEyYTEtNTA4N2RhMzQ0MTEzIiwiaXNzIjoiaHR0cHM6Ly9rYy5jb25jb24udm4vcmVhbG1zL3ZraG9fc3RhZyIsImF1ZCI6InZraG9fYXBwIiwic3ViIjoiMjNjNjY3MTctOGRjYS00OTcxLWFkMDktOTY4MWQ2MzJmMDljIiwidHlwIjoiSUQiLCJhenAiOiJ2a2hvX2FwcCIsInNpZCI6IjE2OThjOGE3LTE2NmQtNGU1MC1hMWU2LWJmMmQ0NWEyNjQ2NSIsImF0X2hhc2giOiJ3NHhjZzlLd0lIaHNsNGRrQW5NbTdBIiwiYWNyIjoiMSIsImVtYWlsX3ZlcmlmaWVkIjpmYWxzZSwibmFtZSI6Ikh1eSBRQyBNYW5hZ2VyIiwicHJlZmVycmVkX3VzZXJuYW1lIjoiaHV5bmgyMi5tYW5hZ2VyIiwiZ2l2ZW5fbmFtZSI6Ikh1eSIsImZhbWlseV9uYW1lIjoiUUMgTWFuYWdlciIsImVtYWlsIjoidm9saWJlYXIxNTNAZ21haWwuY29tIn0.RfkGcTTAF9fCMlBjGXyJxsM8UrsjmWFGKGF2_ZZZLbE2vv70X8XsKJjR22Lo5PwPYST_ByjMCjRNRbEXnJ10SfQyCpT_55u-7QFoy5s5XcXBc79YHKt3kHg9jl8VopK6U8YeCiBRkhclZaO3JWNed5oYAkX6lT5aIs4-h_aGEOvwlk20EhIssJEOOM2QhkRPFwSYotyJ3FYNy6INt3Kyqx9OFosPp9xuTeopvktFE9RZc20lpP_bT0N1JuvBOuH1bDXnKojLiVFTGxp4tlJplWmPmJBn-8FhcS4roiJIb0Dfa0mbnupkeY3eHuk24GCZCAKRRhi8GqYy1sIES0XgMw","not-before-policy":0,"session_state":"1698c8a7-166d-4e50-a1e6-bf2d45a26465","scope":"openid profile email"} 
 </msg>
<msg time="2025-03-31T17:00:30.516190" level="INFO">${response} = &lt;Response [201]&gt;</msg>
<var>${response}</var>
<arg>vkho</arg>
<arg>/auth/login</arg>
<arg>json=${body}</arg>
<arg>headers=${headers}</arg>
<arg>expected_status=201</arg>
<doc>Sends a POST request on a previously created HTTP Session.</doc>
<status status="PASS" start="2025-03-31T17:00:30.116384" elapsed="0.399833"/>
</kw>
<kw name="Evaluate" owner="BuiltIn">
<msg time="2025-03-31T17:00:30.516905" level="INFO">${json} = {'access_token': 'eyJhbGciOiJSUzI1NiIsInR5cCIgOiAiSldUIiwia2lkIiA6ICI0TVhBLW1VYjduYV90RjNJd1VrWXNreHZrbVNqQWJpSEV6MnFpN3ZaRGhJIn0.eyJleHAiOjE3NDM0NDA0MjgsImlhdCI6MTc0MzQxNTIyOCwianRpIjoiMjA3YzJjYjEtMz...</msg>
<var>${json}</var>
<arg>json.loads('''${response.text}''')</arg>
<arg>json</arg>
<doc>Evaluates the given expression in Python and returns the result.</doc>
<status status="PASS" start="2025-03-31T17:00:30.516346" elapsed="0.000586"/>
</kw>
<kw name="Dictionary Should Contain Key" owner="Collections">
<arg>${json}</arg>
<arg>access_token</arg>
<arg>msg=Authentication failed: Response did not contain access_token</arg>
<doc>Fails if ``key`` is not found from ``dictionary``.</doc>
<status status="PASS" start="2025-03-31T17:00:30.517021" elapsed="0.000157"/>
</kw>
<kw name="Set Variable" owner="BuiltIn">
<msg time="2025-03-31T17:00:30.517618" level="INFO">${token} = Bearer eyJhbGciOiJSUzI1NiIsInR5cCIgOiAiSldUIiwia2lkIiA6ICI0TVhBLW1VYjduYV90RjNJd1VrWXNreHZrbVNqQWJpSEV6MnFpN3ZaRGhJIn0.eyJleHAiOjE3NDM0NDA0MjgsImlhdCI6MTc0MzQxNTIyOCwianRpIjoiMjA3YzJjYjEtMzVmNC00MjAyL...</msg>
<var>${token}</var>
<arg>Bearer ${json}[access_token]</arg>
<doc>Returns the given values which can then be assigned to a variables.</doc>
<status status="PASS" start="2025-03-31T17:00:30.517269" elapsed="0.000374"/>
</kw>
<kw name="Set Global Variable" owner="BuiltIn">
<msg time="2025-03-31T17:00:30.518332" level="INFO">${AUTH_TOKEN} = Bearer eyJhbGciOiJSUzI1NiIsInR5cCIgOiAiSldUIiwia2lkIiA6ICI0TVhBLW1VYjduYV90RjNJd1VrWXNreHZrbVNqQWJpSEV6MnFpN3ZaRGhJIn0.eyJleHAiOjE3NDM0NDA0MjgsImlhdCI6MTc0MzQxNTIyOCwianRpIjoiMjA3YzJjYjEtMzVmNC00MjAyL...</msg>
<arg>${AUTH_TOKEN}</arg>
<arg>${token}</arg>
<doc>Makes a variable available globally in all tests and suites.</doc>
<status status="PASS" start="2025-03-31T17:00:30.517735" elapsed="0.000637"/>
</kw>
<kw name="Create Directory" owner="OperatingSystem">
<msg time="2025-03-31T17:00:30.518601" level="INFO" html="true">Directory '&lt;a href="file://D:\robot_file\tests\ParentProductCategory\results"&gt;D:\robot_file\tests\ParentProductCategory\results&lt;/a&gt;' already exists.</msg>
<arg>${RESULTS_DIR}</arg>
<doc>Creates the specified directory.</doc>
<status status="PASS" start="2025-03-31T17:00:30.518455" elapsed="0.000268"/>
</kw>
<doc>Create API session and authenticate</doc>
<status status="PASS" start="2025-03-31T17:00:30.114393" elapsed="0.404388"/>
</kw>
<kw name="Log" owner="BuiltIn">
<msg time="2025-03-31T17:00:30.519161" level="INFO">Successfully authenticated with token: Bearer eyJhbGciOiJSUzI1NiIsInR5cCIgOiAiSldUIiwia2lkIiA6ICI0TVhBLW1VYjduYV90RjNJd1VrWXNreHZrbVNqQWJpSEV6MnFpN3ZaRGhJIn0.eyJleHAiOjE3NDM0NDA0MjgsImlhdCI6MTc0MzQxNTIyOCwianRpIjoiMjA3YzJjYjEtMzVmNC00MjAyLWEzM2MtODcyZTk3NWY1OThkIiwiaXNzIjoiaHR0cHM6Ly9rYy5jb25jb24udm4vcmVhbG1zL3ZraG9fc3RhZyIsInN1YiI6IjIzYzY2NzE3LThkY2EtNDk3MS1hZDA5LTk2ODFkNjMyZjA5YyIsInR5cCI6IkJlYXJlciIsImF6cCI6InZraG9fYXBwIiwic2lkIjoiMTY5OGM4YTctMTY2ZC00ZTUwLWExZTYtYmYyZDQ1YTI2NDY1IiwiYWNyIjoiMSIsImFsbG93ZWQtb3JpZ2lucyI6WyIqIl0sInJlYWxtX2FjY2VzcyI6eyJyb2xlcyI6WyJtYW5hZ2VyIiwic3RhZmYiXX0sInNjb3BlIjoib3BlbmlkIHByb2ZpbGUgZW1haWwiLCJlbWFpbF92ZXJpZmllZCI6ZmFsc2UsIm5hbWUiOiJIdXkgUUMgTWFuYWdlciIsInByZWZlcnJlZF91c2VybmFtZSI6Imh1eW5oMjIubWFuYWdlciIsImdpdmVuX25hbWUiOiJIdXkiLCJmYW1pbHlfbmFtZSI6IlFDIE1hbmFnZXIiLCJlbWFpbCI6InZvbGliZWFyMTUzQGdtYWlsLmNvbSJ9.nLK8SDlkiU1wr0cYrfVQFreqlHdnNXULg1kxXKW0-vHjHd7s9Mhl1r6E3ff4YBZj1Y6LVSaQhgCMSeJAg75GIWLR1ybol5GGrdIry7ARbm1ryGf0BTtuyuS8Ea_3amr_2xRRHXlTMTXX7YAnDzo1kOpGqKGcZI0AT31U3ZMol69VEbj4LFWNJXReooRzTnqG_EmkdIaXd4FW8m0TaStM4Ws7Djx1NykTlRtz5lxpsWyaXO1v8KS8LiFPqVBZ-YKwPoPZ-mF-ujxJOpye1RyeZdjI8wZ1XLZWPn4jfPw9GrThSqnsiOkdK3Ht7GeDeXs62cihykAWikhUp2sKQAdsbA</msg>
<arg>Successfully authenticated with token: ${AUTH_TOKEN}</arg>
<doc>Logs the given message with the given level.</doc>
<status status="PASS" start="2025-03-31T17:00:30.519042" elapsed="0.000168"/>
</kw>
<doc>Setup API session for parent product category tests</doc>
<tag>setup</tag>
<status status="PASS" start="2025-03-31T17:00:30.113248" elapsed="0.406196"/>
</test>
<test id="s1-t2" name="02 - Create Parent Category Test" line="254">
<kw name="Generate Unique Parent Category Data">
<kw name="Evaluate" owner="BuiltIn">
<msg time="2025-03-31T17:00:30.521266" level="INFO">${timestamp} = 1743415230</msg>
<var>${timestamp}</var>
<arg>int(time.time())</arg>
<arg>time</arg>
<doc>Evaluates the given expression in Python and returns the result.</doc>
<status status="PASS" start="2025-03-31T17:00:30.521067" elapsed="0.000225"/>
</kw>
<kw name="Set Variable" owner="BuiltIn">
<msg time="2025-03-31T17:00:30.521526" level="INFO">${category_name} = Test Parent Category 1743415230</msg>
<var>${category_name}</var>
<arg>${custom_name} ${timestamp}</arg>
<doc>Returns the given values which can then be assigned to a variables.</doc>
<status status="PASS" start="2025-03-31T17:00:30.521383" elapsed="0.000164"/>
</kw>
<kw name="Create Dictionary" owner="BuiltIn">
<msg time="2025-03-31T17:00:30.521869" level="INFO">${category_data} = {'name': 'Test Parent Category 1743415230', 'warehouseId': '6', 'divisonId': '1', 'exportStrategy': 'FIFO'}</msg>
<var>${category_data}</var>
<arg>name=${category_name}</arg>
<arg>warehouseId=${WAREHOUSE_ID}</arg>
<arg>divisonId=${DIVISION_ID}</arg>
<arg>exportStrategy=FIFO</arg>
<doc>Creates and returns a dictionary based on the given ``items``.</doc>
<status status="PASS" start="2025-03-31T17:00:30.521636" elapsed="0.000256"/>
</kw>
<return>
<value>${category_data}</value>
<status status="PASS" start="2025-03-31T17:00:30.521944" elapsed="0.000042"/>
</return>
<msg time="2025-03-31T17:00:30.522095" level="INFO">${category_data} = {'name': 'Test Parent Category 1743415230', 'warehouseId': '6', 'divisonId': '1', 'exportStrategy': 'FIFO'}</msg>
<var>${category_data}</var>
<doc>Generate unique data for parent product category tests</doc>
<status status="PASS" start="2025-03-31T17:00:30.520834" elapsed="0.001282"/>
</kw>
<kw name="Create Parent Category">
<kw name="Dictionary Should Contain Key" owner="Collections">
<arg>${category_data}</arg>
<arg>name</arg>
<arg>msg=Missing required parameter: name</arg>
<doc>Fails if ``key`` is not found from ``dictionary``.</doc>
<status status="PASS" start="2025-03-31T17:00:30.522635" elapsed="0.000149"/>
</kw>
<kw name="Dictionary Should Contain Key" owner="Collections">
<arg>${category_data}</arg>
<arg>warehouseId</arg>
<arg>msg=Missing required parameter: warehouseId</arg>
<doc>Fails if ``key`` is not found from ``dictionary``.</doc>
<status status="PASS" start="2025-03-31T17:00:30.522871" elapsed="0.000133"/>
</kw>
<kw name="Dictionary Should Contain Key" owner="Collections">
<arg>${category_data}</arg>
<arg>divisonId</arg>
<arg>msg=Missing required parameter: divisonId</arg>
<doc>Fails if ``key`` is not found from ``dictionary``.</doc>
<status status="PASS" start="2025-03-31T17:00:30.523089" elapsed="0.000133"/>
</kw>
<kw name="Dictionary Should Contain Key" owner="Collections">
<arg>${category_data}</arg>
<arg>exportStrategy</arg>
<arg>msg=Missing required parameter: exportStrategy</arg>
<doc>Fails if ``key`` is not found from ``dictionary``.</doc>
<status status="PASS" start="2025-03-31T17:00:30.523303" elapsed="0.000140"/>
</kw>
<kw name="Create Dictionary" owner="BuiltIn">
<msg time="2025-03-31T17:00:30.523703" level="INFO">${headers} = {'Content-Type': 'application/json', 'Authorization': 'Bearer eyJhbGciOiJSUzI1NiIsInR5cCIgOiAiSldUIiwia2lkIiA6ICI0TVhBLW1VYjduYV90RjNJd1VrWXNreHZrbVNqQWJpSEV6MnFpN3ZaRGhJIn0.eyJleHAiOjE3NDM0NDA0MjgsIm...</msg>
<var>${headers}</var>
<arg>Content-Type=application/json</arg>
<arg>Authorization=${AUTH_TOKEN}</arg>
<doc>Creates and returns a dictionary based on the given ``items``.</doc>
<status status="PASS" start="2025-03-31T17:00:30.523532" elapsed="0.000194"/>
</kw>
<kw name="POST On Session" owner="RequestsLibrary">
<msg time="2025-03-31T17:00:30.618497" level="INFO">POST Request : url=https://api.vkho.net/parent-product-categorys/create 
 path_url=/parent-product-categorys/create 
 headers={'User-Agent': 'python-requests/2.32.3', 'Accept-Encoding': 'gzip, deflate', 'Accept': '*/*', 'Connection': 'keep-alive', 'Content-Type': 'application/json', 'Authorization': 'Bearer eyJhbGciOiJSUzI1NiIsInR5cCIgOiAiSldUIiwia2lkIiA6ICI0TVhBLW1VYjduYV90RjNJd1VrWXNreHZrbVNqQWJpSEV6MnFpN3ZaRGhJIn0.eyJleHAiOjE3NDM0NDA0MjgsImlhdCI6MTc0MzQxNTIyOCwianRpIjoiMjA3YzJjYjEtMzVmNC00MjAyLWEzM2MtODcyZTk3NWY1OThkIiwiaXNzIjoiaHR0cHM6Ly9rYy5jb25jb24udm4vcmVhbG1zL3ZraG9fc3RhZyIsInN1YiI6IjIzYzY2NzE3LThkY2EtNDk3MS1hZDA5LTk2ODFkNjMyZjA5YyIsInR5cCI6IkJlYXJlciIsImF6cCI6InZraG9fYXBwIiwic2lkIjoiMTY5OGM4YTctMTY2ZC00ZTUwLWExZTYtYmYyZDQ1YTI2NDY1IiwiYWNyIjoiMSIsImFsbG93ZWQtb3JpZ2lucyI6WyIqIl0sInJlYWxtX2FjY2VzcyI6eyJyb2xlcyI6WyJtYW5hZ2VyIiwic3RhZmYiXX0sInNjb3BlIjoib3BlbmlkIHByb2ZpbGUgZW1haWwiLCJlbWFpbF92ZXJpZmllZCI6ZmFsc2UsIm5hbWUiOiJIdXkgUUMgTWFuYWdlciIsInByZWZlcnJlZF91c2VybmFtZSI6Imh1eW5oMjIubWFuYWdlciIsImdpdmVuX25hbWUiOiJIdXkiLCJmYW1pbHlfbmFtZSI6IlFDIE1hbmFnZXIiLCJlbWFpbCI6InZvbGliZWFyMTUzQGdtYWlsLmNvbSJ9.nLK8SDlkiU1wr0cYrfVQFreqlHdnNXULg1kxXKW0-vHjHd7s9Mhl1r6E3ff4YBZj1Y6LVSaQhgCMSeJAg75GIWLR1ybol5GGrdIry7ARbm1ryGf0BTtuyuS8Ea_3amr_2xRRHXlTMTXX7YAnDzo1kOpGqKGcZI0AT31U3ZMol69VEbj4LFWNJXReooRzTnqG_EmkdIaXd4FW8m0TaStM4Ws7Djx1NykTlRtz5lxpsWyaXO1v8KS8LiFPqVBZ-YKwPoPZ-mF-ujxJOpye1RyeZdjI8wZ1XLZWPn4jfPw9GrThSqnsiOkdK3Ht7GeDeXs62cihykAWikhUp2sKQAdsbA', 'Content-Length': '107'} 
 body=b'{"name": "Test Parent Category 1743415230", "warehouseId": "6", "divisonId": "1", "exportStrategy": "FIFO"}' 
 </msg>
<msg time="2025-03-31T17:00:30.618579" level="INFO">POST Response : url=https://api.vkho.net/parent-product-categorys/create 
 status=201, reason=Created 
 headers={'Access-Control-Allow-Origin': '*', 'Alt-Svc': 'h3=":443"; ma=2592000', 'Content-Length': '202', 'Content-Type': 'application/json; charset=utf-8', 'Date': 'Mon, 31 Mar 2025 10:00:28 GMT', 'Etag': 'W/"ca-H9GsJ/kgsQObARUHOoFa1gfGAp4"', 'Server': 'Caddy'} 
 body={"id":39,"code":"0104","name":"Test Parent Category 1743415230","createDate":"2025-03-31T10:00:28.737Z","updateDate":"2025-03-31T10:00:28.737Z","exportStrategy":"FIFO","status":"ENABLE","warehouseId":6} 
 </msg>
<msg time="2025-03-31T17:00:30.618768" level="INFO">${response} = &lt;Response [201]&gt;</msg>
<var>${response}</var>
<arg>vkho</arg>
<arg>/parent-product-categorys/create</arg>
<arg>json=${category_data}</arg>
<arg>headers=${headers}</arg>
<arg>expected_status=201</arg>
<doc>Sends a POST request on a previously created HTTP Session.</doc>
<status status="PASS" start="2025-03-31T17:00:30.523811" elapsed="0.094980"/>
</kw>
<kw name="Evaluate" owner="BuiltIn">
<msg time="2025-03-31T17:00:30.619132" level="INFO">${timestamp} = 1743415230</msg>
<var>${timestamp}</var>
<arg>int(time.time())</arg>
<arg>time</arg>
<doc>Evaluates the given expression in Python and returns the result.</doc>
<status status="PASS" start="2025-03-31T17:00:30.618916" elapsed="0.000238"/>
</kw>
<kw name="Create File" owner="OperatingSystem">
<msg time="2025-03-31T17:00:30.620037" level="INFO" html="true">Created file '&lt;a href="file://D:\robot_file\tests\ParentProductCategory\results\parent_category_create_1743415230.json"&gt;D:\robot_file\tests\ParentProductCategory\results\parent_category_create_1743415230.json&lt;/a&gt;'.</msg>
<arg>${RESULTS_DIR}${/}parent_category_create_${timestamp}.json</arg>
<arg>${response.text}</arg>
<doc>Creates a file with the given content and encoding.</doc>
<status status="PASS" start="2025-03-31T17:00:30.619241" elapsed="0.000850"/>
</kw>
<kw name="Evaluate" owner="BuiltIn">
<msg time="2025-03-31T17:00:30.620698" level="INFO">${json} = {'id': 39, 'code': '0104', 'name': 'Test Parent Category 1743415230', 'createDate': '2025-03-31T10:00:28.737Z', 'updateDate': '2025-03-31T10:00:28.737Z', 'exportStrategy': 'FIFO', 'status': 'ENABLE', ...</msg>
<var>${json}</var>
<arg>json.loads('''${response.text}''')</arg>
<arg>json</arg>
<doc>Evaluates the given expression in Python and returns the result.</doc>
<status status="PASS" start="2025-03-31T17:00:30.620198" elapsed="0.000526"/>
</kw>
<kw name="Should Not Be Empty" owner="BuiltIn">
<msg time="2025-03-31T17:00:30.620951" level="INFO">Length is 8.</msg>
<arg>${json}</arg>
<arg>msg=Create parent category response was empty</arg>
<doc>Verifies that the given item is not empty.</doc>
<status status="PASS" start="2025-03-31T17:00:30.620823" elapsed="0.000166"/>
</kw>
<kw name="Dictionary Should Contain Key" owner="Collections">
<arg>${json}</arg>
<arg>id</arg>
<arg>msg=Create parent category response missing ID field</arg>
<doc>Fails if ``key`` is not found from ``dictionary``.</doc>
<status status="PASS" start="2025-03-31T17:00:30.621072" elapsed="0.000145"/>
</kw>
<kw name="Convert To String" owner="BuiltIn">
<msg time="2025-03-31T17:00:30.621452" level="INFO">${category_id} = 39</msg>
<var>${category_id}</var>
<arg>${json}[id]</arg>
<doc>Converts the given item to a Unicode string.</doc>
<status status="PASS" start="2025-03-31T17:00:30.621303" elapsed="0.000170"/>
</kw>
<return>
<value>${category_id}</value>
<value>${json}</value>
<status status="PASS" start="2025-03-31T17:00:30.621515" elapsed="0.000036"/>
</return>
<msg time="2025-03-31T17:00:30.621685" level="INFO">${category_id} = 39</msg>
<msg time="2025-03-31T17:00:30.621721" level="INFO">${response} = {'id': 39, 'code': '0104', 'name': 'Test Parent Category 1743415230', 'createDate': '2025-03-31T10:00:28.737Z', 'updateDate': '2025-03-31T10:00:28.737Z', 'exportStrategy': 'FIFO', 'status': 'ENABLE', ...</msg>
<var>${category_id}</var>
<var>${response}</var>
<arg>${category_data}</arg>
<doc>Create a new parent product category and return its ID</doc>
<status status="PASS" start="2025-03-31T17:00:30.522423" elapsed="0.099321"/>
</kw>
<kw name="Should Not Be Empty" owner="BuiltIn">
<msg time="2025-03-31T17:00:30.622144" level="INFO">Length is 2.</msg>
<arg>${category_id}</arg>
<arg>msg=Failed to create parent category: No ID returned</arg>
<doc>Verifies that the given item is not empty.</doc>
<status status="PASS" start="2025-03-31T17:00:30.622008" elapsed="0.000180"/>
</kw>
<kw name="Should Be Equal" owner="BuiltIn">
<arg>${response}[name]</arg>
<arg>${category_data}[name]</arg>
<arg>msg=Created parent category name does not match input data</arg>
<doc>Fails if the given objects are unequal.</doc>
<status status="PASS" start="2025-03-31T17:00:30.622426" elapsed="0.000209"/>
</kw>
<kw name="Set Global Variable" owner="BuiltIn">
<msg time="2025-03-31T17:00:30.623047" level="INFO">${TEST_CATEGORY_ID} = 39</msg>
<arg>${TEST_CATEGORY_ID}</arg>
<arg>${category_id}</arg>
<doc>Makes a variable available globally in all tests and suites.</doc>
<status status="PASS" start="2025-03-31T17:00:30.622864" elapsed="0.000222"/>
</kw>
<kw name="Set Global Variable" owner="BuiltIn">
<msg time="2025-03-31T17:00:30.623490" level="INFO">${TEST_CATEGORY_NAME} = Test Parent Category 1743415230</msg>
<arg>${TEST_CATEGORY_NAME}</arg>
<arg>${response}[name]</arg>
<doc>Makes a variable available globally in all tests and suites.</doc>
<status status="PASS" start="2025-03-31T17:00:30.623311" elapsed="0.000217"/>
</kw>
<kw name="Set Global Variable" owner="BuiltIn">
<msg time="2025-03-31T17:00:30.623936" level="INFO">${TEST_CATEGORY_DATA} = {'name': 'Test Parent Category 1743415230', 'warehouseId': '6', 'divisonId': '1', 'exportStrategy': 'FIFO'}</msg>
<arg>${TEST_CATEGORY_DATA}</arg>
<arg>${category_data}</arg>
<doc>Makes a variable available globally in all tests and suites.</doc>
<status status="PASS" start="2025-03-31T17:00:30.623755" elapsed="0.000221"/>
</kw>
<kw name="Log" owner="BuiltIn">
<msg time="2025-03-31T17:00:30.624355" level="INFO">Successfully created parent category: Test Parent Category 1743415230 with ID: 39</msg>
<arg>Successfully created parent category: ${TEST_CATEGORY_NAME} with ID: ${TEST_CATEGORY_ID}</arg>
<doc>Logs the given message with the given level.</doc>
<status status="PASS" start="2025-03-31T17:00:30.624215" elapsed="0.000180"/>
</kw>
<doc>Test creating a new parent product category</doc>
<tag>create</tag>
<tag>positive</tag>
<status status="PASS" start="2025-03-31T17:00:30.520308" elapsed="0.104302"/>
</test>
<test id="s1-t3" name="03 - Create Parent Category Missing Required Field Test" line="277">
<kw name="Generate Unique Parent Category Data">
<kw name="Evaluate" owner="BuiltIn">
<msg time="2025-03-31T17:00:30.626448" level="INFO">${timestamp} = 1743415230</msg>
<var>${timestamp}</var>
<arg>int(time.time())</arg>
<arg>time</arg>
<doc>Evaluates the given expression in Python and returns the result.</doc>
<status status="PASS" start="2025-03-31T17:00:30.626267" elapsed="0.000205"/>
</kw>
<kw name="Set Variable" owner="BuiltIn">
<msg time="2025-03-31T17:00:30.626702" level="INFO">${category_name} = Missing Field Category 1743415230</msg>
<var>${category_name}</var>
<arg>${custom_name} ${timestamp}</arg>
<doc>Returns the given values which can then be assigned to a variables.</doc>
<status status="PASS" start="2025-03-31T17:00:30.626561" elapsed="0.000163"/>
</kw>
<kw name="Create Dictionary" owner="BuiltIn">
<msg time="2025-03-31T17:00:30.627044" level="INFO">${category_data} = {'name': 'Missing Field Category 1743415230', 'warehouseId': '6', 'divisonId': '1', 'exportStrategy': 'FIFO'}</msg>
<var>${category_data}</var>
<arg>name=${category_name}</arg>
<arg>warehouseId=${WAREHOUSE_ID}</arg>
<arg>divisonId=${DIVISION_ID}</arg>
<arg>exportStrategy=FIFO</arg>
<doc>Creates and returns a dictionary based on the given ``items``.</doc>
<status status="PASS" start="2025-03-31T17:00:30.626815" elapsed="0.000255"/>
</kw>
<return>
<value>${category_data}</value>
<status status="PASS" start="2025-03-31T17:00:30.627117" elapsed="0.000028"/>
</return>
<msg time="2025-03-31T17:00:30.627277" level="INFO">${incomplete_data} = {'name': 'Missing Field Category 1743415230', 'warehouseId': '6', 'divisonId': '1', 'exportStrategy': 'FIFO'}</msg>
<var>${incomplete_data}</var>
<arg>custom_name=Missing Field Category</arg>
<doc>Generate unique data for parent product category tests</doc>
<status status="PASS" start="2025-03-31T17:00:30.626033" elapsed="0.001265"/>
</kw>
<kw name="Remove From Dictionary" owner="Collections">
<msg time="2025-03-31T17:00:30.627664" level="INFO">Removed item with key 'exportStrategy' and value 'FIFO'.</msg>
<arg>${incomplete_data}</arg>
<arg>exportStrategy</arg>
<doc>Removes the given ``keys`` from the ``dictionary``.</doc>
<status status="PASS" start="2025-03-31T17:00:30.627508" elapsed="0.000202"/>
</kw>
<kw name="Create Dictionary" owner="BuiltIn">
<msg time="2025-03-31T17:00:30.628126" level="INFO">${headers} = {'Content-Type': 'application/json', 'Authorization': 'Bearer eyJhbGciOiJSUzI1NiIsInR5cCIgOiAiSldUIiwia2lkIiA6ICI0TVhBLW1VYjduYV90RjNJd1VrWXNreHZrbVNqQWJpSEV6MnFpN3ZaRGhJIn0.eyJleHAiOjE3NDM0NDA0MjgsIm...</msg>
<var>${headers}</var>
<arg>Content-Type=application/json</arg>
<arg>Authorization=${AUTH_TOKEN}</arg>
<doc>Creates and returns a dictionary based on the given ``items``.</doc>
<status status="PASS" start="2025-03-31T17:00:30.627933" elapsed="0.000219"/>
</kw>
<kw name="Run Keyword And Expect Error" owner="BuiltIn">
<kw name="Create Parent Category">
<kw name="Dictionary Should Contain Key" owner="Collections">
<arg>${category_data}</arg>
<arg>name</arg>
<arg>msg=Missing required parameter: name</arg>
<doc>Fails if ``key`` is not found from ``dictionary``.</doc>
<status status="PASS" start="2025-03-31T17:00:30.628774" elapsed="0.000139"/>
</kw>
<kw name="Dictionary Should Contain Key" owner="Collections">
<arg>${category_data}</arg>
<arg>warehouseId</arg>
<arg>msg=Missing required parameter: warehouseId</arg>
<doc>Fails if ``key`` is not found from ``dictionary``.</doc>
<status status="PASS" start="2025-03-31T17:00:30.628997" elapsed="0.000131"/>
</kw>
<kw name="Dictionary Should Contain Key" owner="Collections">
<arg>${category_data}</arg>
<arg>divisonId</arg>
<arg>msg=Missing required parameter: divisonId</arg>
<doc>Fails if ``key`` is not found from ``dictionary``.</doc>
<status status="PASS" start="2025-03-31T17:00:30.629217" elapsed="0.000131"/>
</kw>
<kw name="Dictionary Should Contain Key" owner="Collections">
<msg time="2025-03-31T17:00:30.629618" level="FAIL">Missing required parameter: exportStrategy</msg>
<arg>${category_data}</arg>
<arg>exportStrategy</arg>
<arg>msg=Missing required parameter: exportStrategy</arg>
<doc>Fails if ``key`` is not found from ``dictionary``.</doc>
<status status="FAIL" start="2025-03-31T17:00:30.629429" elapsed="0.000315">Missing required parameter: exportStrategy</status>
</kw>
<kw name="Create Dictionary" owner="BuiltIn">
<var>${headers}</var>
<arg>Content-Type=application/json</arg>
<arg>Authorization=${AUTH_TOKEN}</arg>
<doc>Creates and returns a dictionary based on the given ``items``.</doc>
<status status="NOT RUN" start="2025-03-31T17:00:30.629860" elapsed="0.000020"/>
</kw>
<kw name="POST On Session" owner="RequestsLibrary">
<var>${response}</var>
<arg>vkho</arg>
<arg>/parent-product-categorys/create</arg>
<arg>json=${category_data}</arg>
<arg>headers=${headers}</arg>
<arg>expected_status=201</arg>
<doc>Sends a POST request on a previously created HTTP Session.</doc>
<status status="NOT RUN" start="2025-03-31T17:00:30.629966" elapsed="0.000016"/>
</kw>
<kw name="Evaluate" owner="BuiltIn">
<var>${timestamp}</var>
<arg>int(time.time())</arg>
<arg>time</arg>
<doc>Evaluates the given expression in Python and returns the result.</doc>
<status status="NOT RUN" start="2025-03-31T17:00:30.630072" elapsed="0.000017"/>
</kw>
<kw name="Create File" owner="OperatingSystem">
<arg>${RESULTS_DIR}${/}parent_category_create_${timestamp}.json</arg>
<arg>${response.text}</arg>
<doc>Creates a file with the given content and encoding.</doc>
<status status="NOT RUN" start="2025-03-31T17:00:30.630165" elapsed="0.000015"/>
</kw>
<kw name="Evaluate" owner="BuiltIn">
<var>${json}</var>
<arg>json.loads('''${response.text}''')</arg>
<arg>json</arg>
<doc>Evaluates the given expression in Python and returns the result.</doc>
<status status="NOT RUN" start="2025-03-31T17:00:30.630252" elapsed="0.000015"/>
</kw>
<kw name="Should Not Be Empty" owner="BuiltIn">
<arg>${json}</arg>
<arg>msg=Create parent category response was empty</arg>
<doc>Verifies that the given item is not empty.</doc>
<status status="NOT RUN" start="2025-03-31T17:00:30.630334" elapsed="0.000015"/>
</kw>
<kw name="Dictionary Should Contain Key" owner="Collections">
<arg>${json}</arg>
<arg>id</arg>
<arg>msg=Create parent category response missing ID field</arg>
<doc>Fails if ``key`` is not found from ``dictionary``.</doc>
<status status="NOT RUN" start="2025-03-31T17:00:30.630415" elapsed="0.000019"/>
</kw>
<kw name="Convert To String" owner="BuiltIn">
<var>${category_id}</var>
<arg>${json}[id]</arg>
<doc>Converts the given item to a Unicode string.</doc>
<status status="NOT RUN" start="2025-03-31T17:00:30.630502" elapsed="0.000015"/>
</kw>
<return>
<value>${category_id}</value>
<value>${json}</value>
<status status="NOT RUN" start="2025-03-31T17:00:30.630550" elapsed="0.000013"/>
</return>
<arg>${incomplete_data}</arg>
<doc>Create a new parent product category and return its ID</doc>
<status status="FAIL" start="2025-03-31T17:00:30.628569" elapsed="0.002084">Missing required parameter: exportStrategy</status>
</kw>
<arg>*Missing required parameter: exportStrategy*</arg>
<arg>Create Parent Category</arg>
<arg>${incomplete_data}</arg>
<doc>Runs the keyword and checks that the expected error occurred.</doc>
<status status="PASS" start="2025-03-31T17:00:30.628380" elapsed="0.002495"/>
</kw>
<kw name="Log" owner="BuiltIn">
<msg time="2025-03-31T17:00:30.631216" level="INFO">Successfully verified that creating a parent category with missing fields is rejected</msg>
<arg>Successfully verified that creating a parent category with missing fields is rejected</arg>
<doc>Logs the given message with the given level.</doc>
<status status="PASS" start="2025-03-31T17:00:30.631122" elapsed="0.000133"/>
</kw>
<doc>Test creating a parent category with missing required fields</doc>
<tag>create</tag>
<tag>negative</tag>
<status status="PASS" start="2025-03-31T17:00:30.625544" elapsed="0.006118"/>
</test>
<test id="s1-t4" name="04 - Get Parent Category Test" line="294">
<kw name="Run Keyword If" owner="BuiltIn">
<arg>"${TEST_CATEGORY_ID}" == "${EMPTY}"</arg>
<arg>Create Test Parent Category</arg>
<doc>Runs the given keyword with the given arguments, if ``condition`` is true.</doc>
<status status="PASS" start="2025-03-31T17:00:30.632966" elapsed="0.000424"/>
</kw>
<kw name="Get Parent Category By ID">
<kw name="Should Not Be Empty" owner="BuiltIn">
<msg time="2025-03-31T17:00:30.634017" level="INFO">Length is 2.</msg>
<arg>${category_id}</arg>
<arg>msg=Parent Category ID cannot be empty</arg>
<doc>Verifies that the given item is not empty.</doc>
<status status="PASS" start="2025-03-31T17:00:30.633887" elapsed="0.000175"/>
</kw>
<kw name="Create Dictionary" owner="BuiltIn">
<msg time="2025-03-31T17:00:30.634328" level="INFO">${headers} = {'Content-Type': 'application/json', 'Authorization': 'Bearer eyJhbGciOiJSUzI1NiIsInR5cCIgOiAiSldUIiwia2lkIiA6ICI0TVhBLW1VYjduYV90RjNJd1VrWXNreHZrbVNqQWJpSEV6MnFpN3ZaRGhJIn0.eyJleHAiOjE3NDM0NDA0MjgsIm...</msg>
<var>${headers}</var>
<arg>Content-Type=application/json</arg>
<arg>Authorization=${AUTH_TOKEN}</arg>
<doc>Creates and returns a dictionary based on the given ``items``.</doc>
<status status="PASS" start="2025-03-31T17:00:30.634151" elapsed="0.000209"/>
</kw>
<kw name="GET On Session" owner="RequestsLibrary">
<msg time="2025-03-31T17:00:30.659587" level="INFO">GET Request : url=https://api.vkho.net/parent-product-categorys/get-one/39 
 path_url=/parent-product-categorys/get-one/39 
 headers={'User-Agent': 'python-requests/2.32.3', 'Accept-Encoding': 'gzip, deflate', 'Accept': '*/*', 'Connection': 'keep-alive', 'Content-Type': 'application/json', 'Authorization': 'Bearer eyJhbGciOiJSUzI1NiIsInR5cCIgOiAiSldUIiwia2lkIiA6ICI0TVhBLW1VYjduYV90RjNJd1VrWXNreHZrbVNqQWJpSEV6MnFpN3ZaRGhJIn0.eyJleHAiOjE3NDM0NDA0MjgsImlhdCI6MTc0MzQxNTIyOCwianRpIjoiMjA3YzJjYjEtMzVmNC00MjAyLWEzM2MtODcyZTk3NWY1OThkIiwiaXNzIjoiaHR0cHM6Ly9rYy5jb25jb24udm4vcmVhbG1zL3ZraG9fc3RhZyIsInN1YiI6IjIzYzY2NzE3LThkY2EtNDk3MS1hZDA5LTk2ODFkNjMyZjA5YyIsInR5cCI6IkJlYXJlciIsImF6cCI6InZraG9fYXBwIiwic2lkIjoiMTY5OGM4YTctMTY2ZC00ZTUwLWExZTYtYmYyZDQ1YTI2NDY1IiwiYWNyIjoiMSIsImFsbG93ZWQtb3JpZ2lucyI6WyIqIl0sInJlYWxtX2FjY2VzcyI6eyJyb2xlcyI6WyJtYW5hZ2VyIiwic3RhZmYiXX0sInNjb3BlIjoib3BlbmlkIHByb2ZpbGUgZW1haWwiLCJlbWFpbF92ZXJpZmllZCI6ZmFsc2UsIm5hbWUiOiJIdXkgUUMgTWFuYWdlciIsInByZWZlcnJlZF91c2VybmFtZSI6Imh1eW5oMjIubWFuYWdlciIsImdpdmVuX25hbWUiOiJIdXkiLCJmYW1pbHlfbmFtZSI6IlFDIE1hbmFnZXIiLCJlbWFpbCI6InZvbGliZWFyMTUzQGdtYWlsLmNvbSJ9.nLK8SDlkiU1wr0cYrfVQFreqlHdnNXULg1kxXKW0-vHjHd7s9Mhl1r6E3ff4YBZj1Y6LVSaQhgCMSeJAg75GIWLR1ybol5GGrdIry7ARbm1ryGf0BTtuyuS8Ea_3amr_2xRRHXlTMTXX7YAnDzo1kOpGqKGcZI0AT31U3ZMol69VEbj4LFWNJXReooRzTnqG_EmkdIaXd4FW8m0TaStM4Ws7Djx1NykTlRtz5lxpsWyaXO1v8KS8LiFPqVBZ-YKwPoPZ-mF-ujxJOpye1RyeZdjI8wZ1XLZWPn4jfPw9GrThSqnsiOkdK3Ht7GeDeXs62cihykAWikhUp2sKQAdsbA'} 
 body=None 
 </msg>
<msg time="2025-03-31T17:00:30.659770" level="INFO">GET Response : url=https://api.vkho.net/parent-product-categorys/get-one/39 
 status=200, reason=OK 
 headers={'Access-Control-Allow-Origin': '*', 'Alt-Svc': 'h3=":443"; ma=2592000', 'Content-Length': '365', 'Content-Type': 'application/json; charset=utf-8', 'Date': 'Mon, 31 Mar 2025 10:00:28 GMT', 'Etag': 'W/"16d-K/mbbu8ONNx8uvDSkBz9FgIuLgo"', 'Server': 'Caddy'} 
 body={"id":39,"code":"0104","name":"Test Parent Category 1743415230","createDate":"2025-03-31T10:00:28.737Z","updateDate":"2025-03-31T10:00:28.737Z","exportStrategy":"FIFO","status":"ENABLE","warehouseId":6,"divison":{"id":1,"code":"01","name":"Khối 1","createDate":"2024-11-13T16:51:25.733Z","updateDate":"2024-11-13T16:51:25.734Z","status":"ENABLE","warehouseId":1}} 
 </msg>
<msg time="2025-03-31T17:00:30.659896" level="INFO">${response} = &lt;Response [200]&gt;</msg>
<var>${response}</var>
<arg>vkho</arg>
<arg>/parent-product-categorys/get-one/${category_id}</arg>
<arg>headers=${headers}</arg>
<arg>expected_status=200</arg>
<doc>Sends a GET request on a previously created HTTP Session.</doc>
<status status="PASS" start="2025-03-31T17:00:30.634446" elapsed="0.025473"/>
</kw>
<kw name="Evaluate" owner="BuiltIn">
<msg time="2025-03-31T17:00:30.660724" level="INFO">${json} = {'id': 39, 'code': '0104', 'name': 'Test Parent Category 1743415230', 'createDate': '2025-03-31T10:00:28.737Z', 'updateDate': '2025-03-31T10:00:28.737Z', 'exportStrategy': 'FIFO', 'status': 'ENABLE', ...</msg>
<var>${json}</var>
<arg>json.loads('''${response.text}''')</arg>
<arg>json</arg>
<doc>Evaluates the given expression in Python and returns the result.</doc>
<status status="PASS" start="2025-03-31T17:00:30.660050" elapsed="0.000703"/>
</kw>
<kw name="Should Not Be Empty" owner="BuiltIn">
<msg time="2025-03-31T17:00:30.660991" level="INFO">Length is 9.</msg>
<arg>${json}</arg>
<arg>msg=Get parent category response was empty</arg>
<doc>Verifies that the given item is not empty.</doc>
<status status="PASS" start="2025-03-31T17:00:30.660859" elapsed="0.000168"/>
</kw>
<kw name="Dictionary Should Contain Key" owner="Collections">
<arg>${json}</arg>
<arg>id</arg>
<arg>msg=Get parent category response missing ID field</arg>
<doc>Fails if ``key`` is not found from ``dictionary``.</doc>
<status status="PASS" start="2025-03-31T17:00:30.661107" elapsed="0.000139"/>
</kw>
<return>
<value>${json}</value>
<status status="PASS" start="2025-03-31T17:00:30.661293" elapsed="0.000030"/>
</return>
<msg time="2025-03-31T17:00:30.661432" level="INFO">${category} = {'id': 39, 'code': '0104', 'name': 'Test Parent Category 1743415230', 'createDate': '2025-03-31T10:00:28.737Z', 'updateDate': '2025-03-31T10:00:28.737Z', 'exportStrategy': 'FIFO', 'status': 'ENABLE', ...</msg>
<var>${category}</var>
<arg>${TEST_CATEGORY_ID}</arg>
<doc>Retrieve a specific parent product category by ID</doc>
<status status="PASS" start="2025-03-31T17:00:30.633660" elapsed="0.027794"/>
</kw>
<kw name="Assert Parent Category Details">
<for flavor="IN">
<iter>
<kw name="Run Keyword If" owner="BuiltIn">
<kw name="Should Be Equal" owner="BuiltIn">
<arg>${category}[${key}]</arg>
<arg>${expected_data}[${key}]</arg>
<arg>msg=Parent Category ${key} value '${category}[${key}]' does not match expected '${expected_data}[${key}]'</arg>
<doc>Fails if the given objects are unequal.</doc>
<status status="PASS" start="2025-03-31T17:00:30.662772" elapsed="0.000307"/>
</kw>
<arg>"${key}" in ${category}</arg>
<arg>Should Be Equal</arg>
<arg>${category}[${key}]</arg>
<arg>${expected_data}[${key}]</arg>
<arg>msg=Parent Category ${key} value '${category}[${key}]' does not match expected '${expected_data}[${key}]'</arg>
<doc>Runs the given keyword with the given arguments, if ``condition`` is true.</doc>
<status status="PASS" start="2025-03-31T17:00:30.662488" elapsed="0.000644"/>
</kw>
<var name="${key}">name</var>
<status status="PASS" start="2025-03-31T17:00:30.662406" elapsed="0.000765"/>
</iter>
<iter>
<kw name="Run Keyword If" owner="BuiltIn">
<kw name="Should Be Equal" owner="BuiltIn">
<msg time="2025-03-31T17:00:30.663854" level="INFO">Argument types are:
&lt;class 'int'&gt;
&lt;class 'str'&gt;</msg>
<msg time="2025-03-31T17:00:30.663963" level="FAIL">Parent Category warehouseId value '6' does not match expected '6': 6 (integer) != 6 (string)</msg>
<arg>${category}[${key}]</arg>
<arg>${expected_data}[${key}]</arg>
<arg>msg=Parent Category ${key} value '${category}[${key}]' does not match expected '${expected_data}[${key}]'</arg>
<doc>Fails if the given objects are unequal.</doc>
<status status="FAIL" start="2025-03-31T17:00:30.663591" elapsed="0.000447">Parent Category warehouseId value '6' does not match expected '6': 6 (integer) != 6 (string)</status>
</kw>
<arg>"${key}" in ${category}</arg>
<arg>Should Be Equal</arg>
<arg>${category}[${key}]</arg>
<arg>${expected_data}[${key}]</arg>
<arg>msg=Parent Category ${key} value '${category}[${key}]' does not match expected '${expected_data}[${key}]'</arg>
<doc>Runs the given keyword with the given arguments, if ``condition`` is true.</doc>
<status status="FAIL" start="2025-03-31T17:00:30.663329" elapsed="0.000758">Parent Category warehouseId value '6' does not match expected '6': 6 (integer) != 6 (string)</status>
</kw>
<var name="${key}">warehouseId</var>
<status status="FAIL" start="2025-03-31T17:00:30.663253" elapsed="0.000900">Parent Category warehouseId value '6' does not match expected '6': 6 (integer) != 6 (string)</status>
</iter>
<var>${key}</var>
<value>@{expected_data.keys()}</value>
<status status="FAIL" start="2025-03-31T17:00:30.661998" elapsed="0.002208">Parent Category warehouseId value '6' does not match expected '6': 6 (integer) != 6 (string)</status>
</for>
<arg>${category}</arg>
<arg>${TEST_CATEGORY_DATA}</arg>
<doc>Verify parent category details match expected values</doc>
<status status="FAIL" start="2025-03-31T17:00:30.661757" elapsed="0.002531">Parent Category warehouseId value '6' does not match expected '6': 6 (integer) != 6 (string)</status>
</kw>
<kw name="Log" owner="BuiltIn">
<arg>Successfully retrieved parent category: ${category}[name]</arg>
<doc>Logs the given message with the given level.</doc>
<status status="NOT RUN" start="2025-03-31T17:00:30.664531" elapsed="0.000022"/>
</kw>
<doc>Test retrieving a specific parent product category</doc>
<tag>positive</tag>
<tag>retrieve</tag>
<status status="FAIL" start="2025-03-31T17:00:30.632555" elapsed="0.032238">Parent Category warehouseId value '6' does not match expected '6': 6 (integer) != 6 (string)</status>
</test>
<test id="s1-t5" name="05 - Get Non-Existent Parent Category Test" line="309">
<kw name="Set Variable" owner="BuiltIn">
<msg time="2025-03-31T17:00:30.666461" level="INFO">${non_existent_id} = 99999999</msg>
<var>${non_existent_id}</var>
<arg>99999999</arg>
<doc>Returns the given values which can then be assigned to a variables.</doc>
<status status="PASS" start="2025-03-31T17:00:30.666305" elapsed="0.000184"/>
</kw>
<kw name="Create Dictionary" owner="BuiltIn">
<msg time="2025-03-31T17:00:30.666982" level="INFO">${headers} = {'Content-Type': 'application/json', 'Authorization': 'Bearer eyJhbGciOiJSUzI1NiIsInR5cCIgOiAiSldUIiwia2lkIiA6ICI0TVhBLW1VYjduYV90RjNJd1VrWXNreHZrbVNqQWJpSEV6MnFpN3ZaRGhJIn0.eyJleHAiOjE3NDM0NDA0MjgsIm...</msg>
<var>${headers}</var>
<arg>Content-Type=application/json</arg>
<arg>Authorization=${AUTH_TOKEN}</arg>
<doc>Creates and returns a dictionary based on the given ``items``.</doc>
<status status="PASS" start="2025-03-31T17:00:30.666745" elapsed="0.000266"/>
</kw>
<kw name="Run Keyword And Expect Error" owner="BuiltIn">
<kw name="GET On Session" owner="RequestsLibrary">
<msg time="2025-03-31T17:00:30.685784" level="INFO">GET Request : url=https://api.vkho.net/parent-product-categorys/get-one/99999999 
 path_url=/parent-product-categorys/get-one/99999999 
 headers={'User-Agent': 'python-requests/2.32.3', 'Accept-Encoding': 'gzip, deflate', 'Accept': '*/*', 'Connection': 'keep-alive', 'Content-Type': 'application/json', 'Authorization': 'Bearer eyJhbGciOiJSUzI1NiIsInR5cCIgOiAiSldUIiwia2lkIiA6ICI0TVhBLW1VYjduYV90RjNJd1VrWXNreHZrbVNqQWJpSEV6MnFpN3ZaRGhJIn0.eyJleHAiOjE3NDM0NDA0MjgsImlhdCI6MTc0MzQxNTIyOCwianRpIjoiMjA3YzJjYjEtMzVmNC00MjAyLWEzM2MtODcyZTk3NWY1OThkIiwiaXNzIjoiaHR0cHM6Ly9rYy5jb25jb24udm4vcmVhbG1zL3ZraG9fc3RhZyIsInN1YiI6IjIzYzY2NzE3LThkY2EtNDk3MS1hZDA5LTk2ODFkNjMyZjA5YyIsInR5cCI6IkJlYXJlciIsImF6cCI6InZraG9fYXBwIiwic2lkIjoiMTY5OGM4YTctMTY2ZC00ZTUwLWExZTYtYmYyZDQ1YTI2NDY1IiwiYWNyIjoiMSIsImFsbG93ZWQtb3JpZ2lucyI6WyIqIl0sInJlYWxtX2FjY2VzcyI6eyJyb2xlcyI6WyJtYW5hZ2VyIiwic3RhZmYiXX0sInNjb3BlIjoib3BlbmlkIHByb2ZpbGUgZW1haWwiLCJlbWFpbF92ZXJpZmllZCI6ZmFsc2UsIm5hbWUiOiJIdXkgUUMgTWFuYWdlciIsInByZWZlcnJlZF91c2VybmFtZSI6Imh1eW5oMjIubWFuYWdlciIsImdpdmVuX25hbWUiOiJIdXkiLCJmYW1pbHlfbmFtZSI6IlFDIE1hbmFnZXIiLCJlbWFpbCI6InZvbGliZWFyMTUzQGdtYWlsLmNvbSJ9.nLK8SDlkiU1wr0cYrfVQFreqlHdnNXULg1kxXKW0-vHjHd7s9Mhl1r6E3ff4YBZj1Y6LVSaQhgCMSeJAg75GIWLR1ybol5GGrdIry7ARbm1ryGf0BTtuyuS8Ea_3amr_2xRRHXlTMTXX7YAnDzo1kOpGqKGcZI0AT31U3ZMol69VEbj4LFWNJXReooRzTnqG_EmkdIaXd4FW8m0TaStM4Ws7Djx1NykTlRtz5lxpsWyaXO1v8KS8LiFPqVBZ-YKwPoPZ-mF-ujxJOpye1RyeZdjI8wZ1XLZWPn4jfPw9GrThSqnsiOkdK3Ht7GeDeXs62cihykAWikhUp2sKQAdsbA'} 
 body=None 
 </msg>
<msg time="2025-03-31T17:00:30.685918" level="INFO">GET Response : url=https://api.vkho.net/parent-product-categorys/get-one/99999999 
 status=500, reason=Internal Server Error 
 headers={'Access-Control-Allow-Origin': '*', 'Alt-Svc': 'h3=":443"; ma=2592000', 'Content-Length': '148', 'Content-Type': 'application/json; charset=utf-8', 'Date': 'Mon, 31 Mar 2025 10:00:28 GMT', 'Etag': 'W/"94-QVn868CXHLpZN7sGP74hev3wI+M"', 'Server': 'Caddy'} 
 body={"statusCode":500,"timestamp":"2025-03-31T10:00:28.824Z","path":"/parent-product-categorys/get-one/99999999","message":"Not found product category"} 
 </msg>
<msg time="2025-03-31T17:00:30.686021" level="FAIL">Url: https://api.vkho.net/parent-product-categorys/get-one/99999999 Expected status: 500 != 200</msg>
<arg>vkho</arg>
<arg>/parent-product-categorys/get-one/${non_existent_id}</arg>
<arg>headers=${headers}</arg>
<arg>expected_status=200</arg>
<doc>Sends a GET request on a previously created HTTP Session.</doc>
<status status="FAIL" start="2025-03-31T17:00:30.667472" elapsed="0.020424">Url: https://api.vkho.net/parent-product-categorys/get-one/99999999 Expected status: 500 != 200</status>
</kw>
<arg>*</arg>
<arg>GET On Session</arg>
<arg>vkho</arg>
<arg>/parent-product-categorys/get-one/${non_existent_id}</arg>
<arg>headers=${headers}</arg>
<arg>expected_status=200</arg>
<doc>Runs the keyword and checks that the expected error occurred.</doc>
<status status="PASS" start="2025-03-31T17:00:30.667330" elapsed="0.020731"/>
</kw>
<kw name="Log" owner="BuiltIn">
<msg time="2025-03-31T17:00:30.688434" level="INFO">Successfully verified that retrieving a non-existent parent category fails</msg>
<arg>Successfully verified that retrieving a non-existent parent category fails</arg>
<doc>Logs the given message with the given level.</doc>
<status status="PASS" start="2025-03-31T17:00:30.688316" elapsed="0.000162"/>
</kw>
<doc>Test retrieving a parent category that doesn't exist</doc>
<tag>negative</tag>
<tag>retrieve</tag>
<status status="PASS" start="2025-03-31T17:00:30.665722" elapsed="0.022947"/>
</test>
<test id="s1-t6" name="06 - Update Parent Category Test" line="329">
<kw name="Run Keyword If" owner="BuiltIn">
<arg>"${TEST_CATEGORY_ID}" == "${EMPTY}"</arg>
<arg>Create Test Parent Category</arg>
<doc>Runs the given keyword with the given arguments, if ``condition`` is true.</doc>
<status status="PASS" start="2025-03-31T17:00:30.689686" elapsed="0.000442"/>
</kw>
<kw name="Set Variable" owner="BuiltIn">
<msg time="2025-03-31T17:00:30.690515" level="INFO">${updated_name} = Test Parent Category 1743415230 Updated</msg>
<var>${updated_name}</var>
<arg>${TEST_CATEGORY_NAME} Updated</arg>
<doc>Returns the given values which can then be assigned to a variables.</doc>
<status status="PASS" start="2025-03-31T17:00:30.690346" elapsed="0.000195"/>
</kw>
<kw name="Create Dictionary" owner="BuiltIn">
<msg time="2025-03-31T17:00:30.691992" level="INFO">${update_data} = {'id': '39', 'name': 'Test Parent Category 1743415230 Updated', 'warehouseId': '6', 'divisonId': '1', 'exportStrategy': 'FIFO', 'status': 'ENABLE'}</msg>
<var>${update_data}</var>
<arg>id=${TEST_CATEGORY_ID}</arg>
<arg>name=${updated_name}</arg>
<arg>warehouseId=${WAREHOUSE_ID}</arg>
<arg>divisonId=${DIVISION_ID}</arg>
<arg>exportStrategy=FIFO</arg>
<arg>status=ENABLE</arg>
<doc>Creates and returns a dictionary based on the given ``items``.</doc>
<status status="PASS" start="2025-03-31T17:00:30.690723" elapsed="0.001403"/>
</kw>
<kw name="Update Parent Category">
<kw name="Should Not Be Empty" owner="BuiltIn">
<msg time="2025-03-31T17:00:30.693839" level="INFO">Length is 2.</msg>
<arg>${category_id}</arg>
<arg>msg=Parent Category ID cannot be empty</arg>
<doc>Verifies that the given item is not empty.</doc>
<status status="PASS" start="2025-03-31T17:00:30.693577" elapsed="0.000380"/>
</kw>
<kw name="Dictionary Should Contain Key" owner="Collections">
<arg>${update_data}</arg>
<arg>id</arg>
<arg>msg=Update data must contain id field</arg>
<doc>Fails if ``key`` is not found from ``dictionary``.</doc>
<status status="PASS" start="2025-03-31T17:00:30.694106" elapsed="0.000207"/>
</kw>
<kw name="Should Be Equal" owner="BuiltIn">
<arg>${update_data}[id]</arg>
<arg>${category_id}</arg>
<arg>msg=Update data ID must match category_id parameter</arg>
<doc>Fails if the given objects are unequal.</doc>
<status status="PASS" start="2025-03-31T17:00:30.694427" elapsed="0.000249"/>
</kw>
<kw name="Dictionary Should Contain Key" owner="Collections">
<arg>${update_data}</arg>
<arg>name</arg>
<arg>msg=Update data missing required field: name</arg>
<doc>Fails if ``key`` is not found from ``dictionary``.</doc>
<status status="PASS" start="2025-03-31T17:00:30.694786" elapsed="0.000177"/>
</kw>
<kw name="Dictionary Should Contain Key" owner="Collections">
<arg>${update_data}</arg>
<arg>warehouseId</arg>
<arg>msg=Update data missing required field: warehouseId</arg>
<doc>Fails if ``key`` is not found from ``dictionary``.</doc>
<status status="PASS" start="2025-03-31T17:00:30.695074" elapsed="0.000315"/>
</kw>
<kw name="Dictionary Should Contain Key" owner="Collections">
<arg>${update_data}</arg>
<arg>divisonId</arg>
<arg>msg=Update data missing required field: divisonId</arg>
<doc>Fails if ``key`` is not found from ``dictionary``.</doc>
<status status="PASS" start="2025-03-31T17:00:30.695624" elapsed="0.000531"/>
</kw>
<kw name="Dictionary Should Contain Key" owner="Collections">
<arg>${update_data}</arg>
<arg>exportStrategy</arg>
<arg>msg=Update data missing required field: exportStrategy</arg>
<doc>Fails if ``key`` is not found from ``dictionary``.</doc>
<status status="PASS" start="2025-03-31T17:00:30.696657" elapsed="0.000260"/>
</kw>
<kw name="Dictionary Should Contain Key" owner="Collections">
<arg>${update_data}</arg>
<arg>status</arg>
<arg>msg=Update data missing required field: status</arg>
<doc>Fails if ``key`` is not found from ``dictionary``.</doc>
<status status="PASS" start="2025-03-31T17:00:30.697042" elapsed="0.000175"/>
</kw>
<kw name="Create Dictionary" owner="BuiltIn">
<msg time="2025-03-31T17:00:30.697606" level="INFO">${headers} = {'Content-Type': 'application/json', 'Authorization': 'Bearer eyJhbGciOiJSUzI1NiIsInR5cCIgOiAiSldUIiwia2lkIiA6ICI0TVhBLW1VYjduYV90RjNJd1VrWXNreHZrbVNqQWJpSEV6MnFpN3ZaRGhJIn0.eyJleHAiOjE3NDM0NDA0MjgsIm...</msg>
<var>${headers}</var>
<arg>Content-Type=application/json</arg>
<arg>Authorization=${AUTH_TOKEN}</arg>
<doc>Creates and returns a dictionary based on the given ``items``.</doc>
<status status="PASS" start="2025-03-31T17:00:30.697338" elapsed="0.000299"/>
</kw>
<kw name="PUT On Session" owner="RequestsLibrary">
<msg time="2025-03-31T17:00:30.729660" level="INFO">PUT Request : url=https://api.vkho.net/parent-product-categorys/update 
 path_url=/parent-product-categorys/update 
 headers={'User-Agent': 'python-requests/2.32.3', 'Accept-Encoding': 'gzip, deflate', 'Accept': '*/*', 'Connection': 'keep-alive', 'Content-Type': 'application/json', 'Authorization': 'Bearer eyJhbGciOiJSUzI1NiIsInR5cCIgOiAiSldUIiwia2lkIiA6ICI0TVhBLW1VYjduYV90RjNJd1VrWXNreHZrbVNqQWJpSEV6MnFpN3ZaRGhJIn0.eyJleHAiOjE3NDM0NDA0MjgsImlhdCI6MTc0MzQxNTIyOCwianRpIjoiMjA3YzJjYjEtMzVmNC00MjAyLWEzM2MtODcyZTk3NWY1OThkIiwiaXNzIjoiaHR0cHM6Ly9rYy5jb25jb24udm4vcmVhbG1zL3ZraG9fc3RhZyIsInN1YiI6IjIzYzY2NzE3LThkY2EtNDk3MS1hZDA5LTk2ODFkNjMyZjA5YyIsInR5cCI6IkJlYXJlciIsImF6cCI6InZraG9fYXBwIiwic2lkIjoiMTY5OGM4YTctMTY2ZC00ZTUwLWExZTYtYmYyZDQ1YTI2NDY1IiwiYWNyIjoiMSIsImFsbG93ZWQtb3JpZ2lucyI6WyIqIl0sInJlYWxtX2FjY2VzcyI6eyJyb2xlcyI6WyJtYW5hZ2VyIiwic3RhZmYiXX0sInNjb3BlIjoib3BlbmlkIHByb2ZpbGUgZW1haWwiLCJlbWFpbF92ZXJpZmllZCI6ZmFsc2UsIm5hbWUiOiJIdXkgUUMgTWFuYWdlciIsInByZWZlcnJlZF91c2VybmFtZSI6Imh1eW5oMjIubWFuYWdlciIsImdpdmVuX25hbWUiOiJIdXkiLCJmYW1pbHlfbmFtZSI6IlFDIE1hbmFnZXIiLCJlbWFpbCI6InZvbGliZWFyMTUzQGdtYWlsLmNvbSJ9.nLK8SDlkiU1wr0cYrfVQFreqlHdnNXULg1kxXKW0-vHjHd7s9Mhl1r6E3ff4YBZj1Y6LVSaQhgCMSeJAg75GIWLR1ybol5GGrdIry7ARbm1ryGf0BTtuyuS8Ea_3amr_2xRRHXlTMTXX7YAnDzo1kOpGqKGcZI0AT31U3ZMol69VEbj4LFWNJXReooRzTnqG_EmkdIaXd4FW8m0TaStM4Ws7Djx1NykTlRtz5lxpsWyaXO1v8KS8LiFPqVBZ-YKwPoPZ-mF-ujxJOpye1RyeZdjI8wZ1XLZWPn4jfPw9GrThSqnsiOkdK3Ht7GeDeXs62cihykAWikhUp2sKQAdsbA', 'Content-Length': '147'} 
 body=b'{"id": "39", "name": "Test Parent Category 1743415230 Updated", "warehouseId": "6", "divisonId": "1", "exportStrategy": "FIFO", "status": "ENABLE"}' 
 </msg>
<msg time="2025-03-31T17:00:30.729966" level="INFO">PUT Response : url=https://api.vkho.net/parent-product-categorys/update 
 status=200, reason=OK 
 headers={'Access-Control-Allow-Origin': '*', 'Alt-Svc': 'h3=":443"; ma=2592000', 'Content-Length': '210', 'Content-Type': 'application/json; charset=utf-8', 'Date': 'Mon, 31 Mar 2025 10:00:28 GMT', 'Etag': 'W/"d2-m7B/w1dCcsuVQx8Ru9kfQXWuJJg"', 'Server': 'Caddy'} 
 body={"id":39,"code":"0104","name":"Test Parent Category 1743415230 Updated","createDate":"2025-03-31T10:00:28.737Z","updateDate":"2025-03-31T10:00:28.863Z","exportStrategy":"FIFO","status":"ENABLE","warehouseId":6} 
 </msg>
<msg time="2025-03-31T17:00:30.730189" level="INFO">${response} = &lt;Response [200]&gt;</msg>
<var>${response}</var>
<arg>vkho</arg>
<arg>/parent-product-categorys/update</arg>
<arg>json=${update_data}</arg>
<arg>headers=${headers}</arg>
<arg>expected_status=200</arg>
<doc>Sends a PUT request on a previously created HTTP Session.</doc>
<status status="PASS" start="2025-03-31T17:00:30.697750" elapsed="0.032488"/>
</kw>
<kw name="Evaluate" owner="BuiltIn">
<msg time="2025-03-31T17:00:30.730952" level="INFO">${json} = {'id': 39, 'code': '0104', 'name': 'Test Parent Category 1743415230 Updated', 'createDate': '2025-03-31T10:00:28.737Z', 'updateDate': '2025-03-31T10:00:28.863Z', 'exportStrategy': 'FIFO', 'status': 'E...</msg>
<var>${json}</var>
<arg>json.loads('''${response.text}''')</arg>
<arg>json</arg>
<doc>Evaluates the given expression in Python and returns the result.</doc>
<status status="PASS" start="2025-03-31T17:00:30.730395" elapsed="0.000584"/>
</kw>
<kw name="Should Not Be Empty" owner="BuiltIn">
<msg time="2025-03-31T17:00:30.731220" level="INFO">Length is 8.</msg>
<arg>${json}</arg>
<arg>msg=Update parent category response was empty</arg>
<doc>Verifies that the given item is not empty.</doc>
<status status="PASS" start="2025-03-31T17:00:30.731083" elapsed="0.000176"/>
</kw>
<kw name="Dictionary Should Contain Key" owner="Collections">
<arg>${json}</arg>
<arg>id</arg>
<arg>msg=Update parent category response missing ID field</arg>
<doc>Fails if ``key`` is not found from ``dictionary``.</doc>
<status status="PASS" start="2025-03-31T17:00:30.731342" elapsed="0.000140"/>
</kw>
<return>
<value>${json}</value>
<status status="PASS" start="2025-03-31T17:00:30.731539" elapsed="0.000035"/>
</return>
<msg time="2025-03-31T17:00:30.731692" level="INFO">${updated_category} = {'id': 39, 'code': '0104', 'name': 'Test Parent Category 1743415230 Updated', 'createDate': '2025-03-31T10:00:28.737Z', 'updateDate': '2025-03-31T10:00:28.863Z', 'exportStrategy': 'FIFO', 'status': 'E...</msg>
<var>${updated_category}</var>
<arg>${TEST_CATEGORY_ID}</arg>
<arg>${update_data}</arg>
<doc>Update an existing parent product category</doc>
<status status="PASS" start="2025-03-31T17:00:30.692952" elapsed="0.038764"/>
</kw>
<kw name="Should Be Equal" owner="BuiltIn">
<arg>${updated_category}[name]</arg>
<arg>${updated_name}</arg>
<arg>msg=Updated parent category name does not match expected value</arg>
<doc>Fails if the given objects are unequal.</doc>
<status status="PASS" start="2025-03-31T17:00:30.732004" elapsed="0.000354"/>
</kw>
<kw name="Set Global Variable" owner="BuiltIn">
<msg time="2025-03-31T17:00:30.732897" level="INFO">${TEST_CATEGORY_NAME} = Test Parent Category 1743415230 Updated</msg>
<arg>${TEST_CATEGORY_NAME}</arg>
<arg>${updated_name}</arg>
<doc>Makes a variable available globally in all tests and suites.</doc>
<status status="PASS" start="2025-03-31T17:00:30.732663" elapsed="0.000284"/>
</kw>
<kw name="Log" owner="BuiltIn">
<msg time="2025-03-31T17:00:30.733258" level="INFO">Successfully updated parent category: Test Parent Category 1743415230 Updated</msg>
<arg>Successfully updated parent category: ${updated_category}[name]</arg>
<doc>Logs the given message with the given level.</doc>
<status status="PASS" start="2025-03-31T17:00:30.733124" elapsed="0.000175"/>
</kw>
<doc>Test updating an existing parent product category</doc>
<tag>positive</tag>
<tag>update</tag>
<status status="PASS" start="2025-03-31T17:00:30.689211" elapsed="0.044311"/>
</test>
<test id="s1-t7" name="07 - Update Parent Category With Missing Required Field Test" line="359">
<kw name="Run Keyword If" owner="BuiltIn">
<arg>"${TEST_CATEGORY_ID}" == "${EMPTY}"</arg>
<arg>Create Test Parent</arg>
<doc>Runs the given keyword with the given arguments, if ``condition`` is true.</doc>
<status status="PASS" start="2025-03-31T17:00:30.734878" elapsed="0.000814"/>
</kw>
<kw name="Run Keyword If" owner="BuiltIn">
<arg>"${TEST_CATEGORY_ID}" == "${EMPTY}"</arg>
<arg>Create Test Parent Category</arg>
<doc>Runs the given keyword with the given arguments, if ``condition`` is true.</doc>
<status status="PASS" start="2025-03-31T17:00:30.736109" elapsed="0.000752"/>
</kw>
<kw name="Create Dictionary" owner="BuiltIn">
<msg time="2025-03-31T17:00:30.737409" level="INFO">${incomplete_data} = {'id': '39', 'name': 'Incomplete Update', 'warehouseId': '6', 'divisonId': '1', 'exportStrategy': 'FIFO'}</msg>
<var>${incomplete_data}</var>
<arg>id=${TEST_CATEGORY_ID}</arg>
<arg>name=Incomplete Update</arg>
<arg>warehouseId=${WAREHOUSE_ID}</arg>
<arg>divisonId=${DIVISION_ID}</arg>
<arg>exportStrategy=FIFO</arg>
<doc>Creates and returns a dictionary based on the given ``items``.</doc>
<status status="PASS" start="2025-03-31T17:00:30.737130" elapsed="0.000305"/>
</kw>
<kw name="Run Keyword And Expect Error" owner="BuiltIn">
<kw name="Update Parent Category">
<kw name="Should Not Be Empty" owner="BuiltIn">
<msg time="2025-03-31T17:00:30.738276" level="INFO">Length is 2.</msg>
<arg>${category_id}</arg>
<arg>msg=Parent Category ID cannot be empty</arg>
<doc>Verifies that the given item is not empty.</doc>
<status status="PASS" start="2025-03-31T17:00:30.738143" elapsed="0.000175"/>
</kw>
<kw name="Dictionary Should Contain Key" owner="Collections">
<arg>${update_data}</arg>
<arg>id</arg>
<arg>msg=Update data must contain id field</arg>
<doc>Fails if ``key`` is not found from ``dictionary``.</doc>
<status status="PASS" start="2025-03-31T17:00:30.738404" elapsed="0.000146"/>
</kw>
<kw name="Should Be Equal" owner="BuiltIn">
<arg>${update_data}[id]</arg>
<arg>${category_id}</arg>
<arg>msg=Update data ID must match category_id parameter</arg>
<doc>Fails if the given objects are unequal.</doc>
<status status="PASS" start="2025-03-31T17:00:30.738642" elapsed="0.000178"/>
</kw>
<kw name="Dictionary Should Contain Key" owner="Collections">
<arg>${update_data}</arg>
<arg>name</arg>
<arg>msg=Update data missing required field: name</arg>
<doc>Fails if ``key`` is not found from ``dictionary``.</doc>
<status status="PASS" start="2025-03-31T17:00:30.738909" elapsed="0.000137"/>
</kw>
<kw name="Dictionary Should Contain Key" owner="Collections">
<arg>${update_data}</arg>
<arg>warehouseId</arg>
<arg>msg=Update data missing required field: warehouseId</arg>
<doc>Fails if ``key`` is not found from ``dictionary``.</doc>
<status status="PASS" start="2025-03-31T17:00:30.739133" elapsed="0.000136"/>
</kw>
<kw name="Dictionary Should Contain Key" owner="Collections">
<arg>${update_data}</arg>
<arg>divisonId</arg>
<arg>msg=Update data missing required field: divisonId</arg>
<doc>Fails if ``key`` is not found from ``dictionary``.</doc>
<status status="PASS" start="2025-03-31T17:00:30.739361" elapsed="0.000137"/>
</kw>
<kw name="Dictionary Should Contain Key" owner="Collections">
<arg>${update_data}</arg>
<arg>exportStrategy</arg>
<arg>msg=Update data missing required field: exportStrategy</arg>
<doc>Fails if ``key`` is not found from ``dictionary``.</doc>
<status status="PASS" start="2025-03-31T17:00:30.739583" elapsed="0.000138"/>
</kw>
<kw name="Dictionary Should Contain Key" owner="Collections">
<msg time="2025-03-31T17:00:30.739979" level="FAIL">Update data missing required field: status</msg>
<arg>${update_data}</arg>
<arg>status</arg>
<arg>msg=Update data missing required field: status</arg>
<doc>Fails if ``key`` is not found from ``dictionary``.</doc>
<status status="FAIL" start="2025-03-31T17:00:30.739814" elapsed="0.000223">Update data missing required field: status</status>
</kw>
<kw name="Create Dictionary" owner="BuiltIn">
<var>${headers}</var>
<arg>Content-Type=application/json</arg>
<arg>Authorization=${AUTH_TOKEN}</arg>
<doc>Creates and returns a dictionary based on the given ``items``.</doc>
<status status="NOT RUN" start="2025-03-31T17:00:30.740193" elapsed="0.000020"/>
</kw>
<kw name="PUT On Session" owner="RequestsLibrary">
<var>${response}</var>
<arg>vkho</arg>
<arg>/parent-product-categorys/update</arg>
<arg>json=${update_data}</arg>
<arg>headers=${headers}</arg>
<arg>expected_status=200</arg>
<doc>Sends a PUT request on a previously created HTTP Session.</doc>
<status status="NOT RUN" start="2025-03-31T17:00:30.740298" elapsed="0.000018"/>
</kw>
<kw name="Evaluate" owner="BuiltIn">
<var>${json}</var>
<arg>json.loads('''${response.text}''')</arg>
<arg>json</arg>
<doc>Evaluates the given expression in Python and returns the result.</doc>
<status status="NOT RUN" start="2025-03-31T17:00:30.740405" elapsed="0.000017"/>
</kw>
<kw name="Should Not Be Empty" owner="BuiltIn">
<arg>${json}</arg>
<arg>msg=Update parent category response was empty</arg>
<doc>Verifies that the given item is not empty.</doc>
<status status="NOT RUN" start="2025-03-31T17:00:30.740506" elapsed="0.000017"/>
</kw>
<kw name="Dictionary Should Contain Key" owner="Collections">
<arg>${json}</arg>
<arg>id</arg>
<arg>msg=Update parent category response missing ID field</arg>
<doc>Fails if ``key`` is not found from ``dictionary``.</doc>
<status status="NOT RUN" start="2025-03-31T17:00:30.740599" elapsed="0.000017"/>
</kw>
<return>
<value>${json}</value>
<status status="NOT RUN" start="2025-03-31T17:00:30.740657" elapsed="0.000015"/>
</return>
<arg>${TEST_CATEGORY_ID}</arg>
<arg>${incomplete_data}</arg>
<doc>Update an existing parent product category</doc>
<status status="FAIL" start="2025-03-31T17:00:30.737884" elapsed="0.002873">Update data missing required field: status</status>
</kw>
<arg>*Update data missing required field: status*</arg>
<arg>Update Parent Category</arg>
<arg>${TEST_CATEGORY_ID}</arg>
<arg>${incomplete_data}</arg>
<doc>Runs the keyword and checks that the expected error occurred.</doc>
<status status="PASS" start="2025-03-31T17:00:30.737674" elapsed="0.003303"/>
</kw>
<kw name="Log" owner="BuiltIn">
<msg time="2025-03-31T17:00:30.741292" level="INFO">Successfully verified that updating a parent category with missing fields is rejected</msg>
<arg>Successfully verified that updating a parent category with missing fields is rejected</arg>
<doc>Logs the given message with the given level.</doc>
<status status="PASS" start="2025-03-31T17:00:30.741213" elapsed="0.000118"/>
</kw>
<doc>Test updating a parent category with missing required fields</doc>
<tag>negative</tag>
<tag>update</tag>
<status status="PASS" start="2025-03-31T17:00:30.734398" elapsed="0.007148"/>
</test>
<test id="s1-t8" name="08 - Get All Parent Categories Test" line="383">
<kw name="Get All Parent Categories">
<kw name="Should Not Be Empty" owner="BuiltIn">
<msg time="2025-03-31T17:00:30.744197" level="INFO">Length is 1.</msg>
<arg>${warehouse_id}</arg>
<arg>msg=Warehouse ID cannot be empty</arg>
<doc>Verifies that the given item is not empty.</doc>
<status status="PASS" start="2025-03-31T17:00:30.744026" elapsed="0.000220"/>
</kw>
<kw name="Create Dictionary" owner="BuiltIn">
<msg time="2025-03-31T17:00:30.744555" level="INFO">${headers} = {'Content-Type': 'application/json', 'Authorization': 'Bearer eyJhbGciOiJSUzI1NiIsInR5cCIgOiAiSldUIiwia2lkIiA6ICI0TVhBLW1VYjduYV90RjNJd1VrWXNreHZrbVNqQWJpSEV6MnFpN3ZaRGhJIn0.eyJleHAiOjE3NDM0NDA0MjgsIm...</msg>
<var>${headers}</var>
<arg>Content-Type=application/json</arg>
<arg>Authorization=${AUTH_TOKEN}</arg>
<doc>Creates and returns a dictionary based on the given ``items``.</doc>
<status status="PASS" start="2025-03-31T17:00:30.744355" elapsed="0.000225"/>
</kw>
<kw name="Create Dictionary" owner="BuiltIn">
<msg time="2025-03-31T17:00:30.744847" level="INFO">${params} = {'warehouseId': '6'}</msg>
<var>${params}</var>
<arg>warehouseId=${warehouse_id}</arg>
<doc>Creates and returns a dictionary based on the given ``items``.</doc>
<status status="PASS" start="2025-03-31T17:00:30.744671" elapsed="0.000199"/>
</kw>
<kw name="Run Keyword If" owner="BuiltIn">
<arg>"${filter_params}" != "${EMPTY}"</arg>
<arg>Set To Dictionary</arg>
<arg>${params}</arg>
<arg>&amp;{filter_params}</arg>
<doc>Runs the given keyword with the given arguments, if ``condition`` is true.</doc>
<status status="PASS" start="2025-03-31T17:00:30.744961" elapsed="0.000389"/>
</kw>
<kw name="GET On Session" owner="RequestsLibrary">
<msg time="2025-03-31T17:00:30.773104" level="INFO">GET Request : url=https://api.vkho.net/parent-product-categorys/get-all?warehouseId=6 
 path_url=/parent-product-categorys/get-all?warehouseId=6 
 headers={'User-Agent': 'python-requests/2.32.3', 'Accept-Encoding': 'gzip, deflate', 'Accept': '*/*', 'Connection': 'keep-alive', 'Content-Type': 'application/json', 'Authorization': 'Bearer eyJhbGciOiJSUzI1NiIsInR5cCIgOiAiSldUIiwia2lkIiA6ICI0TVhBLW1VYjduYV90RjNJd1VrWXNreHZrbVNqQWJpSEV6MnFpN3ZaRGhJIn0.eyJleHAiOjE3NDM0NDA0MjgsImlhdCI6MTc0MzQxNTIyOCwianRpIjoiMjA3YzJjYjEtMzVmNC00MjAyLWEzM2MtODcyZTk3NWY1OThkIiwiaXNzIjoiaHR0cHM6Ly9rYy5jb25jb24udm4vcmVhbG1zL3ZraG9fc3RhZyIsInN1YiI6IjIzYzY2NzE3LThkY2EtNDk3MS1hZDA5LTk2ODFkNjMyZjA5YyIsInR5cCI6IkJlYXJlciIsImF6cCI6InZraG9fYXBwIiwic2lkIjoiMTY5OGM4YTctMTY2ZC00ZTUwLWExZTYtYmYyZDQ1YTI2NDY1IiwiYWNyIjoiMSIsImFsbG93ZWQtb3JpZ2lucyI6WyIqIl0sInJlYWxtX2FjY2VzcyI6eyJyb2xlcyI6WyJtYW5hZ2VyIiwic3RhZmYiXX0sInNjb3BlIjoib3BlbmlkIHByb2ZpbGUgZW1haWwiLCJlbWFpbF92ZXJpZmllZCI6ZmFsc2UsIm5hbWUiOiJIdXkgUUMgTWFuYWdlciIsInByZWZlcnJlZF91c2VybmFtZSI6Imh1eW5oMjIubWFuYWdlciIsImdpdmVuX25hbWUiOiJIdXkiLCJmYW1pbHlfbmFtZSI6IlFDIE1hbmFnZXIiLCJlbWFpbCI6InZvbGliZWFyMTUzQGdtYWlsLmNvbSJ9.nLK8SDlkiU1wr0cYrfVQFreqlHdnNXULg1kxXKW0-vHjHd7s9Mhl1r6E3ff4YBZj1Y6LVSaQhgCMSeJAg75GIWLR1ybol5GGrdIry7ARbm1ryGf0BTtuyuS8Ea_3amr_2xRRHXlTMTXX7YAnDzo1kOpGqKGcZI0AT31U3ZMol69VEbj4LFWNJXReooRzTnqG_EmkdIaXd4FW8m0TaStM4Ws7Djx1NykTlRtz5lxpsWyaXO1v8KS8LiFPqVBZ-YKwPoPZ-mF-ujxJOpye1RyeZdjI8wZ1XLZWPn4jfPw9GrThSqnsiOkdK3Ht7GeDeXs62cihykAWikhUp2sKQAdsbA'} 
 body=None 
 </msg>
<msg time="2025-03-31T17:00:30.773264" level="INFO">GET Response : url=https://api.vkho.net/parent-product-categorys/get-all?warehouseId=6 
 status=200, reason=OK 
 headers={'Access-Control-Allow-Origin': '*', 'Alt-Svc': 'h3=":443"; ma=2592000', 'Content-Length': '6475', 'Content-Type': 'application/json; charset=utf-8', 'Date': 'Mon, 31 Mar 2025 10:00:28 GMT', 'Etag': 'W/"194b-S4Dz78hLyN8obbMvc1KRpNFtxDE"', 'Server': 'Caddy'} 
 body={"totalItem":17,"data":[{"id":23,"code":"2001","name":"Consumer Electronics","createDate":"2025-03-03T07:33:58.420Z","updateDate":"2025-03-03T07:33:58.420Z","exportStrategy":"FIFO","status":"ENABLE","warehouseId":6,"divison":{"id":20,"code":"20","name":"Electronics - Consumer electronics","createDate":"2025-03-03T07:31:22.728Z","updateDate":"2025-03-03T07:31:22.729Z","status":"ENABLE","warehouseId":6}},{"id":24,"code":"2002","name":"Computers &amp; Accessories","createDate":"2025-03-03T07:33:58.442Z","updateDate":"2025-03-03T07:33:58.442Z","exportStrategy":"FIFO","status":"ENABLE","warehouseId":6,"divison":{"id":20,"code":"20","name":"Electronics - Consumer electronics","createDate":"2025-03-03T07:31:22.728Z","updateDate":"2025-03-03T07:31:22.729Z","status":"ENABLE","warehouseId":6}},{"id":25,"code":"2003","name":"Appliances","createDate":"2025-03-03T07:33:58.452Z","updateDate":"2025-03-03T07:33:58.453Z","exportStrategy":"FIFO","status":"ENABLE","warehouseId":6,"divison":{"id":20,"code":"20","name":"Electronics - Consumer electronics","createDate":"2025-03-03T07:31:22.728Z","updateDate":"2025-03-03T07:31:22.729Z","status":"ENABLE","warehouseId":6}},{"id":26,"code":"2101","name":"Men's Clothing","createDate":"2025-03-03T07:33:58.468Z","updateDate":"2025-03-03T07:33:58.468Z","exportStrategy":"LIFO","status":"ENABLE","warehouseId":6,"divison":{"id":21,"code":"21","name":"Apparel - \tClothing and accessories","createDate":"2025-03-03T07:31:22.748Z","updateDate":"2025-03-03T07:31:22.748Z","status":"ENABLE","warehouseId":6}},{"id":27,"code":"2102","name":"Women's Clothing","createDate":"2025-03-03T07:33:58.481Z","updateDate":"2025-03-03T07:33:58.481Z","exportStrategy":"LIFO","status":"ENABLE","warehouseId":6,"divison":{"id":21,"code":"21","name":"Apparel - \tClothing and accessories","createDate":"2025-03-03T07:31:22.748Z","updateDate":"2025-03-03T07:31:22.748Z","status":"ENABLE","warehouseId":6}},{"id":28,"code":"2103","name":"Kids &amp; Baby","createDate":"2025-03-03T07:33:58.494Z","updateDate":"2025-03-03T07:33:58.494Z","exportStrategy":"LIFO","status":"ENABLE","warehouseId":6,"divison":{"id":21,"code":"21","name":"Apparel - \tClothing and accessories","createDate":"2025-03-03T07:31:22.748Z","updateDate":"2025-03-03T07:31:22.748Z","status":"ENABLE","warehouseId":6}},{"id":29,"code":"2201","name":"Furniture","createDate":"2025-03-03T07:33:58.509Z","updateDate":"2025-03-03T07:33:58.509Z","exportStrategy":"FIFO","status":"ENABLE","warehouseId":6,"divison":{"id":22,"code":"22","name":"Home &amp; Garden - Home improvement and decoration","createDate":"2025-03-03T07:31:22.757Z","updateDate":"2025-03-03T07:31:22.757Z","status":"ENABLE","warehouseId":6}},{"id":30,"code":"2202","name":"Kitchenware","createDate":"2025-03-03T07:33:58.523Z","updateDate":"2025-03-03T07:33:58.523Z","exportStrategy":"FIFO","status":"ENABLE","warehouseId":6,"divison":{"id":22,"code":"22","name":"Home &amp; Garden - Home improvement and decoration","createDate":"2025-03-03T07:31:22.757Z","updateDate":"2025-03-03T07:31:22.757Z","status":"ENABLE","warehouseId":6}},{"id":31,"code":"2203","name":"Garden Tools","createDate":"2025-03-03T07:33:58.533Z","updateDate":"2025-03-03T07:33:58.533Z","exportStrategy":"FIFO","status":"ENABLE","warehouseId":6,"divison":{"id":22,"code":"22","name":"Home &amp; Garden - Home improvement and decoration","createDate":"2025-03-03T07:31:22.757Z","updateDate":"2025-03-03T07:31:22.757Z","status":"ENABLE","warehouseId":6}},{"id":32,"code":"2301","name":"Fitness Equipment","createDate":"2025-03-03T07:33:58.544Z","updateDate":"2025-03-03T07:33:58.544Z","exportStrategy":"FIFO","status":"ENABLE","warehouseId":6,"divison":{"id":23,"code":"23","name":"Sports &amp; Outdoors - Sporting goods, camping","createDate":"2025-03-03T07:31:22.766Z","updateDate":"2025-03-03T07:31:22.766Z","status":"ENABLE","warehouseId":6}},{"id":33,"code":"2302","name":"Outdoor Gear","createDate":"2025-03-03T07:33:58.554Z","updateDate":"2025-03-03T07:33:58.554Z","exportStrategy":"FIFO","status":"ENABLE","warehouseId":6,"divison":{"id":23,"code":"23","name":"Sports &amp; Outdoors - Sporting goods, camping","createDate":"2025-03-03T07:31:22.766Z","updateDate":"2025-03-03T07:31:22.766Z","status":"ENABLE","warehouseId":6}},{"id":34,"code":"2401","name":"Skincare","createDate":"2025-03-03T07:33:58.566Z","updateDate":"2025-03-03T07:33:58.566Z","exportStrategy":"FEFO","status":"ENABLE","warehouseId":6,"divison":{"id":24,"code":"24","name":"Health &amp; Beauty - Cosmetics, wellness","createDate":"2025-03-03T07:31:22.776Z","updateDate":"2025-03-03T07:31:22.776Z","status":"ENABLE","warehouseId":6}},{"id":35,"code":"2402","name":"Haircare","createDate":"2025-03-03T07:33:58.577Z","updateDate":"2025-03-03T07:33:58.577Z","exportStrategy":"FEFO","status":"ENABLE","warehouseId":6,"divison":{"id":24,"code":"24","name":"Health &amp; Beauty - Cosmetics, wellness","createDate":"2025-03-03T07:31:22.776Z","updateDate":"2025-03-03T07:31:22.776Z","status":"ENABLE","warehouseId":6}},{"id":36,"code":"2501","name":"Car Parts","createDate":"2025-03-03T07:33:58.591Z","updateDate":"2025-03-03T07:33:58.591Z","exportStrategy":"FIFO","status":"ENABLE","warehouseId":6,"divison":{"id":25,"code":"25","name":"Automotive - Car parts and accessories","createDate":"2025-03-03T07:31:22.785Z","updateDate":"2025-03-03T07:31:22.785Z","status":"ENABLE","warehouseId":6}},{"id":37,"code":"2502","name":"Car Accessories","createDate":"2025-03-03T07:33:58.603Z","updateDate":"2025-03-03T07:33:58.603Z","exportStrategy":"FIFO","status":"ENABLE","warehouseId":6,"divison":{"id":25,"code":"25","name":"Automotive - Car parts and accessories","createDate":"2025-03-03T07:31:22.785Z","updateDate":"2025-03-03T07:31:22.785Z","status":"ENABLE","warehouseId":6}},{"id":38,"code":"0103","name":"Test Parent Category 1743415040 Updated","createDate":"2025-03-31T09:57:18.511Z","updateDate":"2025-03-31T09:57:18.633Z","exportStrategy":"FIFO","status":"ENABLE","warehouseId":6,"divison":{"id":1,"code":"01","name":"Khối 1","createDate":"2024-11-13T16:51:25.733Z","updateDate":"2024-11-13T16:51:25.734Z","status":"ENABLE","warehouseId":1}},{"id":39,"code":"0104","name":"Test Parent Category 1743415230 Updated","createDate":"2025-03-31T10:00:28.737Z","updateDate":"2025-03-31T10:00:28.863Z","exportStrategy":"FIFO","status":"ENABLE","warehouseId":6,"divison":{"id":1,"code":"01","name":"Khối 1","createDate":"2024-11-13T16:51:25.733Z","updateDate":"2024-11-13T16:51:25.734Z","status":"ENABLE","warehouseId":1}}]} 
 </msg>
<msg time="2025-03-31T17:00:30.773715" level="INFO">${response} = &lt;Response [200]&gt;</msg>
<var>${response}</var>
<arg>vkho</arg>
<arg>/parent-product-categorys/get-all</arg>
<arg>params=${params}</arg>
<arg>headers=${headers}</arg>
<arg>expected_status=200</arg>
<doc>Sends a GET request on a previously created HTTP Session.</doc>
<status status="PASS" start="2025-03-31T17:00:30.745451" elapsed="0.028312"/>
</kw>
<kw name="Evaluate" owner="BuiltIn">
<msg time="2025-03-31T17:00:30.775702" level="FAIL">Evaluating expression 'json.loads(\'\'\'{"totalItem":17,"data":[{"id":23,"code":"2001","name":"Consumer Electronics","createDate":"2025-03-03T07:33:58.420Z","updateDate":"2025-03-03T07:33:58.420Z","exportStrategy":"FIFO","status":"ENABLE","warehouseId":6,"divison":{"id":20,"code":"20","name":"Electronics - Consumer electronics","createDate":"2025-03-03T07:31:22.728Z","updateDate":"2025-03-03T07:31:22.729Z","status":"ENABLE","warehouseId":6}},{"id":24,"code":"2002","name":"Computers &amp; Accessories","createDate":"2025-03-03T07:33:58.442Z","updateDate":"2025-03-03T07:33:58.442Z","exportStrategy":"FIFO","status":"ENABLE","warehouseId":6,"divison":{"id":20,"code":"20","name":"Electronics - Consumer electronics","createDate":"2025-03-03T07:31:22.728Z","updateDate":"2025-03-03T07:31:22.729Z","status":"ENABLE","warehouseId":6}},{"id":25,"code":"2003","name":"Appliances","createDate":"2025-03-03T07:33:58.452Z","updateDate":"2025-03-03T07:33:58.453Z","exportStrategy":"FIFO","status":"ENABLE","warehouseId":6,"divison":{"id":20,"code":"20","name":"Electronics - Consumer electronics","createDate":"2025-03-03T07:31:22.728Z","updateDate":"2025-03-03T07:31:22.729Z","status":"ENABLE","warehouseId":6}},{"id":26,"code":"2101","name":"Men\'s Clothing","createDate":"2025-03-03T07:33:58.468Z","updateDate":"2025-03-03T07:33:58.468Z","exportStrategy":"LIFO","status":"ENABLE","warehouseId":6,"divison":{"id":21,"code":"21","name":"Apparel - \\tClothing and accessories","createDate":"2025-03-03T07:31:22.748Z","updateDate":"2025-03-03T07:31:22.748Z","status":"ENABLE","warehouseId":6}},{"id":27,"code":"2102","name":"Women\'s Clothing","createDate":"2025-03-03T07:33:58.481Z","updateDate":"2025-03-03T07:33:58.481Z","exportStrategy":"LIFO","status":"ENABLE","warehouseId":6,"divison":{"id":21,"code":"21","name":"Apparel - \\tClothing and accessories","createDate":"2025-03-03T07:31:22.748Z","updateDate":"2025-03-03T07:31:22.748Z","status":"ENABLE","warehouseId":6}},{"id":28,"code":"2103","name":"Kids &amp; Baby","createDate":"2025-03-03T07:33:58.494Z","updateDate":"2025-03-03T07:33:58.494Z","exportStrategy":"LIFO","status":"ENABLE","warehouseId":6,"divison":{"id":21,"code":"21","name":"Apparel - \\tClothing and accessories","createDate":"2025-03-03T07:31:22.748Z","updateDate":"2025-03-03T07:31:22.748Z","status":"ENABLE","warehouseId":6}},{"id":29,"code":"2201","name":"Furniture","createDate":"2025-03-03T07:33:58.509Z","updateDate":"2025-03-03T07:33:58.509Z","exportStrategy":"FIFO","status":"ENABLE","warehouseId":6,"divison":{"id":22,"code":"22","name":"Home &amp; Garden - Home improvement and decoration","createDate":"2025-03-03T07:31:22.757Z","updateDate":"2025-03-03T07:31:22.757Z","status":"ENABLE","warehouseId":6}},{"id":30,"code":"2202","name":"Kitchenware","createDate":"2025-03-03T07:33:58.523Z","updateDate":"2025-03-03T07:33:58.523Z","exportStrategy":"FIFO","status":"ENABLE","warehouseId":6,"divison":{"id":22,"code":"22","name":"Home &amp; Garden - Home improvement and decoration","createDate":"2025-03-03T07:31:22.757Z","updateDate":"2025-03-03T07:31:22.757Z","status":"ENABLE","warehouseId":6}},{"id":31,"code":"2203","name":"Garden Tools","createDate":"2025-03-03T07:33:58.533Z","updateDate":"2025-03-03T07:33:58.533Z","exportStrategy":"FIFO","status":"ENABLE","warehouseId":6,"divison":{"id":22,"code":"22","name":"Home &amp; Garden - Home improvement and decoration","createDate":"2025-03-03T07:31:22.757Z","updateDate":"2025-03-03T07:31:22.757Z","status":"ENABLE","warehouseId":6}},{"id":32,"code":"2301","name":"Fitness Equipment","createDate":"2025-03-03T07:33:58.544Z","updateDate":"2025-03-03T07:33:58.544Z","exportStrategy":"FIFO","status":"ENABLE","warehouseId":6,"divison":{"id":23,"code":"23","name":"Sports &amp; Outdoors - Sporting goods, camping","createDate":"2025-03-03T07:31:22.766Z","updateDate":"2025-03-03T07:31:22.766Z","status":"ENABLE","warehouseId":6}},{"id":33,"code":"2302","name":"Outdoor Gear","createDate":"2025-03-03T07:33:58.554Z","updateDate":"2025-03-03T07:33:58.554Z","exportStrategy":"FIFO","status":"ENABLE","warehouseId":6,"divison":{"id":23,"code":"23","name":"Sports &amp; Outdoors - Sporting goods, camping","createDate":"2025-03-03T07:31:22.766Z","updateDate":"2025-03-03T07:31:22.766Z","status":"ENABLE","warehouseId":6}},{"id":34,"code":"2401","name":"Skincare","createDate":"2025-03-03T07:33:58.566Z","updateDate":"2025-03-03T07:33:58.566Z","exportStrategy":"FEFO","status":"ENABLE","warehouseId":6,"divison":{"id":24,"code":"24","name":"Health &amp; Beauty - Cosmetics, wellness","createDate":"2025-03-03T07:31:22.776Z","updateDate":"2025-03-03T07:31:22.776Z","status":"ENABLE","warehouseId":6}},{"id":35,"code":"2402","name":"Haircare","createDate":"2025-03-03T07:33:58.577Z","updateDate":"2025-03-03T07:33:58.577Z","exportStrategy":"FEFO","status":"ENABLE","warehouseId":6,"divison":{"id":24,"code":"24","name":"Health &amp; Beauty - Cosmetics, wellness","createDate":"2025-03-03T07:31:22.776Z","updateDate":"2025-03-03T07:31:22.776Z","status":"ENABLE","warehouseId":6}},{"id":36,"code":"2501","name":"Car Parts","createDate":"2025-03-03T07:33:58.591Z","updateDate":"2025-03-03T07:33:58.591Z","exportStrategy":"FIFO","status":"ENABLE","warehouseId":6,"divison":{"id":25,"code":"25","name":"Automotive - Car parts and accessories","createDate":"2025-03-03T07:31:22.785Z","updateDate":"2025-03-03T07:31:22.785Z","status":"ENABLE","warehouseId":6}},{"id":37,"code":"2502","name":"Car Accessories","createDate":"2025-03-03T07:33:58.603Z","updateDate":"2025-03-03T07:33:58.603Z","exportStrategy":"FIFO","status":"ENABLE","warehouseId":6,"divison":{"id":25,"code":"25","name":"Automotive - Car parts and accessories","createDate":"2025-03-03T07:31:22.785Z","updateDate":"2025-03-03T07:31:22.785Z","status":"ENABLE","warehouseId":6}},{"id":38,"code":"0103","name":"Test Parent Category 1743415040 Updated","createDate":"2025-03-31T09:57:18.511Z","updateDate":"2025-03-31T09:57:18.633Z","exportStrategy":"FIFO","status":"ENABLE","warehouseId":6,"divison":{"id":1,"code":"01","name":"Khối 1","createDate":"2024-11-13T16:51:25.733Z","updateDate":"2024-11-13T16:51:25.734Z","status":"ENABLE","warehouseId":1}},{"id":39,"code":"0104","name":"Test Parent Category 1743415230 Updated","createDate":"2025-03-31T10:00:28.737Z","updateDate":"2025-03-31T10:00:28.863Z","exportStrategy":"FIFO","status":"ENABLE","warehouseId":6,"divison":{"id":1,"code":"01","name":"Khối 1","createDate":"2024-11-13T16:51:25.733Z","updateDate":"2024-11-13T16:51:25.734Z","status":"ENABLE","warehouseId":1}}]}\'\'\')' failed: JSONDecodeError: Invalid control character at: line 1 column 1398 (char 1397)</msg>
<var>${json}</var>
<arg>json.loads('''${response.text}''')</arg>
<arg>json</arg>
<doc>Evaluates the given expression in Python and returns the result.</doc>
[...]
 </msg>
<msg time="2025-03-31T17:00:30.810641" level="INFO">${response} = &lt;Response [200]&gt;</msg>
<var>${response}</var>
<arg>vkho</arg>
<arg>/parent-product-categorys/get-all</arg>
<arg>params=${params}</arg>
<arg>headers=${headers}</arg>
<arg>expected_status=200</arg>
<doc>Sends a GET request on a previously created HTTP Session.</doc>
<status status="PASS" start="2025-03-31T17:00:30.783842" elapsed="0.026837"/>
</kw>
<kw name="Evaluate" owner="BuiltIn">
<msg time="2025-03-31T17:00:30.812378" level="INFO">${json} = {'totalItem': 1, 'data': [{'id': 39, 'code': '0104', 'name': 'Test Parent Category 1743415230 Updated', 'createDate': '2025-03-31T10:00:28.737Z', 'updateDate': '2025-03-31T10:00:28.863Z', 'exportStrat...</msg>
<var>${json}</var>
<arg>json.loads('''${response.text}''')</arg>
<arg>json</arg>
<doc>Evaluates the given expression in Python and returns the result.</doc>
<status status="PASS" start="2025-03-31T17:00:30.810884" elapsed="0.001532"/>
</kw>
<kw name="Should Not Be Empty" owner="BuiltIn">
<msg time="2025-03-31T17:00:30.812705" level="INFO">Length is 2.</msg>
<arg>${json}</arg>
<arg>msg=Get all parent categories response was empty</arg>
<doc>Verifies that the given item is not empty.</doc>
<status status="PASS" start="2025-03-31T17:00:30.812545" elapsed="0.000201"/>
</kw>
<return>
<value>${json}</value>
<status status="PASS" start="2025-03-31T17:00:30.812798" elapsed="0.000035"/>
</return>
<msg time="2025-03-31T17:00:30.812956" level="INFO">${filtered_categories} = {'totalItem': 1, 'data': [{'id': 39, 'code': '0104', 'name': 'Test Parent Category 1743415230 Updated', 'createDate': '2025-03-31T10:00:28.737Z', 'updateDate': '2025-03-31T10:00:28.863Z', 'exportStrat...</msg>
<var>${filtered_categories}</var>
<arg>filter_params=${filter_params}</arg>
<doc>Retrieve all parent product categories with optional filtering</doc>
<status status="PASS" start="2025-03-31T17:00:30.781541" elapsed="0.031439"/>
</kw>
<kw name="Should Not Be Empty" owner="BuiltIn">
<msg time="2025-03-31T17:00:30.813424" level="INFO">Length is 2.</msg>
<arg>${filtered_categories}</arg>
<arg>msg=Filtered parent categories response was empty</arg>
<doc>Verifies that the given item is not empty.</doc>
<status status="PASS" start="2025-03-31T17:00:30.813250" elapsed="0.000246"/>
</kw>
<kw name="Log" owner="BuiltIn">
<msg time="2025-03-31T17:00:30.813934" level="INFO">Successfully filtered parent categories by name: Test Parent Category 1743415230 Updated</msg>
<arg>Successfully filtered parent categories by name: ${TEST_CATEGORY_NAME}</arg>
<doc>Logs the given message with the given level.</doc>
<status status="PASS" start="2025-03-31T17:00:30.813759" elapsed="0.000240"/>
</kw>
<doc>Test filtering parent categories by name</doc>
<tag>filter</tag>
<tag>positive</tag>
<tag>retrieve</tag>
<status status="PASS" start="2025-03-31T17:00:30.779498" elapsed="0.034781"/>
</test>
<test id="s1-t10" name="10 - Delete Parent Category Test" line="415">
<kw name="Run Keyword If" owner="BuiltIn">
<arg>"${TEST_CATEGORY_ID}" == "${EMPTY}"</arg>
<arg>Create Test Parent Category</arg>
<doc>Runs the given keyword with the given arguments, if ``condition`` is true.</doc>
<status status="PASS" start="2025-03-31T17:00:30.815516" elapsed="0.000437"/>
</kw>
<kw name="Delete Parent Category">
<kw name="Should Not Be Empty" owner="BuiltIn">
<msg time="2025-03-31T17:00:30.816795" level="INFO">Length is 2.</msg>
<arg>${category_id}</arg>
<arg>msg=Parent Category ID cannot be empty</arg>
<doc>Verifies that the given item is not empty.</doc>
<status status="PASS" start="2025-03-31T17:00:30.816605" elapsed="0.000236"/>
</kw>
<kw name="Create Dictionary" owner="BuiltIn">
<msg time="2025-03-31T17:00:30.817146" level="INFO">${headers} = {'Content-Type': 'application/json', 'Authorization': 'Bearer eyJhbGciOiJSUzI1NiIsInR5cCIgOiAiSldUIiwia2lkIiA6ICI0TVhBLW1VYjduYV90RjNJd1VrWXNreHZrbVNqQWJpSEV6MnFpN3ZaRGhJIn0.eyJleHAiOjE3NDM0NDA0MjgsIm...</msg>
<var>${headers}</var>
<arg>Content-Type=application/json</arg>
<arg>Authorization=${AUTH_TOKEN}</arg>
<doc>Creates and returns a dictionary based on the given ``items``.</doc>
<status status="PASS" start="2025-03-31T17:00:30.816950" elapsed="0.000221"/>
</kw>
<kw name="DELETE On Session" owner="RequestsLibrary">
<msg time="2025-03-31T17:00:30.858024" level="INFO">DELETE Request : url=https://api.vkho.net/parent-product-categorys/delete/39 
 path_url=/parent-product-categorys/delete/39 
 headers={'User-Agent': 'python-requests/2.32.3', 'Accept-Encoding': 'gzip, deflate', 'Accept': '*/*', 'Connection': 'keep-alive', 'Content-Type': 'application/json', 'Authorization': 'Bearer eyJhbGciOiJSUzI1NiIsInR5cCIgOiAiSldUIiwia2lkIiA6ICI0TVhBLW1VYjduYV90RjNJd1VrWXNreHZrbVNqQWJpSEV6MnFpN3ZaRGhJIn0.eyJleHAiOjE3NDM0NDA0MjgsImlhdCI6MTc0MzQxNTIyOCwianRpIjoiMjA3YzJjYjEtMzVmNC00MjAyLWEzM2MtODcyZTk3NWY1OThkIiwiaXNzIjoiaHR0cHM6Ly9rYy5jb25jb24udm4vcmVhbG1zL3ZraG9fc3RhZyIsInN1YiI6IjIzYzY2NzE3LThkY2EtNDk3MS1hZDA5LTk2ODFkNjMyZjA5YyIsInR5cCI6IkJlYXJlciIsImF6cCI6InZraG9fYXBwIiwic2lkIjoiMTY5OGM4YTctMTY2ZC00ZTUwLWExZTYtYmYyZDQ1YTI2NDY1IiwiYWNyIjoiMSIsImFsbG93ZWQtb3JpZ2lucyI6WyIqIl0sInJlYWxtX2FjY2VzcyI6eyJyb2xlcyI6WyJtYW5hZ2VyIiwic3RhZmYiXX0sInNjb3BlIjoib3BlbmlkIHByb2ZpbGUgZW1haWwiLCJlbWFpbF92ZXJpZmllZCI6ZmFsc2UsIm5hbWUiOiJIdXkgUUMgTWFuYWdlciIsInByZWZlcnJlZF91c2VybmFtZSI6Imh1eW5oMjIubWFuYWdlciIsImdpdmVuX25hbWUiOiJIdXkiLCJmYW1pbHlfbmFtZSI6IlFDIE1hbmFnZXIiLCJlbWFpbCI6InZvbGliZWFyMTUzQGdtYWlsLmNvbSJ9.nLK8SDlkiU1wr0cYrfVQFreqlHdnNXULg1kxXKW0-vHjHd7s9Mhl1r6E3ff4YBZj1Y6LVSaQhgCMSeJAg75GIWLR1ybol5GGrdIry7ARbm1ryGf0BTtuyuS8Ea_3amr_2xRRHXlTMTXX7YAnDzo1kOpGqKGcZI0AT31U3ZMol69VEbj4LFWNJXReooRzTnqG_EmkdIaXd4FW8m0TaStM4Ws7Djx1NykTlRtz5lxpsWyaXO1v8KS8LiFPqVBZ-YKwPoPZ-mF-ujxJOpye1RyeZdjI8wZ1XLZWPn4jfPw9GrThSqnsiOkdK3Ht7GeDeXs62cihykAWikhUp2sKQAdsbA', 'Content-Length': '0'} 
 body=None 
 </msg>
<msg time="2025-03-31T17:00:30.858102" level="INFO">DELETE Response : url=https://api.vkho.net/parent-product-categorys/delete/39 
 status=200, reason=OK 
 headers={'Access-Control-Allow-Origin': '*', 'Alt-Svc': 'h3=":443"; ma=2592000', 'Content-Length': '0', 'Date': 'Mon, 31 Mar 2025 10:00:28 GMT', 'Server': 'Caddy'} 
 body=None 
 </msg>
<msg time="2025-03-31T17:00:30.858207" level="INFO">${response} = &lt;Response [200]&gt;</msg>
<var>${response}</var>
<arg>vkho</arg>
<arg>/parent-product-categorys/delete/${category_id}</arg>
<arg>headers=${headers}</arg>
<arg>expected_status=200</arg>
<doc>Sends a DELETE request on a previously created HTTP Session.</doc>
<status status="PASS" start="2025-03-31T17:00:30.817268" elapsed="0.040963"/>
</kw>
<return>
<value>${TRUE}</value>
<status status="PASS" start="2025-03-31T17:00:30.858297" elapsed="0.000044"/>
</return>
<msg time="2025-03-31T17:00:30.858499" level="INFO">${result} = True</msg>
<var>${result}</var>
<arg>${TEST_CATEGORY_ID}</arg>
<doc>Delete a parent product category from the system</doc>
<status status="PASS" start="2025-03-31T17:00:30.816283" elapsed="0.042243"/>
</kw>
<kw name="Should Be True" owner="BuiltIn">
<arg>${result}</arg>
<arg>msg=Delete parent category operation failed</arg>
<doc>Fails if the given condition is not true.</doc>
<status status="PASS" start="2025-03-31T17:00:30.858807" elapsed="0.000221"/>
</kw>
<kw name="Create Dictionary" owner="BuiltIn">
<msg time="2025-03-31T17:00:30.859504" level="INFO">${headers} = {'Content-Type': 'application/json', 'Authorization': 'Bearer eyJhbGciOiJSUzI1NiIsInR5cCIgOiAiSldUIiwia2lkIiA6ICI0TVhBLW1VYjduYV90RjNJd1VrWXNreHZrbVNqQWJpSEV6MnFpN3ZaRGhJIn0.eyJleHAiOjE3NDM0NDA0MjgsIm...</msg>
<var>${headers}</var>
<arg>Content-Type=application/json</arg>
<arg>Authorization=${AUTH_TOKEN}</arg>
<doc>Creates and returns a dictionary based on the given ``items``.</doc>
<status status="PASS" start="2025-03-31T17:00:30.859256" elapsed="0.000296"/>
</kw>
<kw name="GET On Session" owner="RequestsLibrary">
<msg time="2025-03-31T17:00:30.883526" level="INFO">GET Request : url=https://api.vkho.net/parent-product-categorys/get-one/39 
 path_url=/parent-product-categorys/get-one/39 
 headers={'User-Agent': 'python-requests/2.32.3', 'Accept-Encoding': 'gzip, deflate', 'Accept': '*/*', 'Connection': 'keep-alive', 'Content-Type': 'application/json', 'Authorization': 'Bearer eyJhbGciOiJSUzI1NiIsInR5cCIgOiAiSldUIiwia2lkIiA6ICI0TVhBLW1VYjduYV90RjNJd1VrWXNreHZrbVNqQWJpSEV6MnFpN3ZaRGhJIn0.eyJleHAiOjE3NDM0NDA0MjgsImlhdCI6MTc0MzQxNTIyOCwianRpIjoiMjA3YzJjYjEtMzVmNC00MjAyLWEzM2MtODcyZTk3NWY1OThkIiwiaXNzIjoiaHR0cHM6Ly9rYy5jb25jb24udm4vcmVhbG1zL3ZraG9fc3RhZyIsInN1YiI6IjIzYzY2NzE3LThkY2EtNDk3MS1hZDA5LTk2ODFkNjMyZjA5YyIsInR5cCI6IkJlYXJlciIsImF6cCI6InZraG9fYXBwIiwic2lkIjoiMTY5OGM4YTctMTY2ZC00ZTUwLWExZTYtYmYyZDQ1YTI2NDY1IiwiYWNyIjoiMSIsImFsbG93ZWQtb3JpZ2lucyI6WyIqIl0sInJlYWxtX2FjY2VzcyI6eyJyb2xlcyI6WyJtYW5hZ2VyIiwic3RhZmYiXX0sInNjb3BlIjoib3BlbmlkIHByb2ZpbGUgZW1haWwiLCJlbWFpbF92ZXJpZmllZCI6ZmFsc2UsIm5hbWUiOiJIdXkgUUMgTWFuYWdlciIsInByZWZlcnJlZF91c2VybmFtZSI6Imh1eW5oMjIubWFuYWdlciIsImdpdmVuX25hbWUiOiJIdXkiLCJmYW1pbHlfbmFtZSI6IlFDIE1hbmFnZXIiLCJlbWFpbCI6InZvbGliZWFyMTUzQGdtYWlsLmNvbSJ9.nLK8SDlkiU1wr0cYrfVQFreqlHdnNXULg1kxXKW0-vHjHd7s9Mhl1r6E3ff4YBZj1Y6LVSaQhgCMSeJAg75GIWLR1ybol5GGrdIry7ARbm1ryGf0BTtuyuS8Ea_3amr_2xRRHXlTMTXX7YAnDzo1kOpGqKGcZI0AT31U3ZMol69VEbj4LFWNJXReooRzTnqG_EmkdIaXd4FW8m0TaStM4Ws7Djx1NykTlRtz5lxpsWyaXO1v8KS8LiFPqVBZ-YKwPoPZ-mF-ujxJOpye1RyeZdjI8wZ1XLZWPn4jfPw9GrThSqnsiOkdK3Ht7GeDeXs62cihykAWikhUp2sKQAdsbA'} 
 body=None 
 </msg>
<msg time="2025-03-31T17:00:30.883676" level="INFO">GET Response : url=https://api.vkho.net/parent-product-categorys/get-one/39 
 status=200, reason=OK 
 headers={'Access-Control-Allow-Origin': '*', 'Alt-Svc': 'h3=":443"; ma=2592000', 'Content-Length': '374', 'Content-Type': 'application/json; charset=utf-8', 'Date': 'Mon, 31 Mar 2025 10:00:29 GMT', 'Etag': 'W/"176-6va07jxjEwrS4JljsaOeSs3N1QU"', 'Server': 'Caddy'} 
 body={"id":39,"code":"0104","name":"Test Parent Category 1743415230 Updated","createDate":"2025-03-31T10:00:28.737Z","updateDate":"2025-03-31T10:00:28.863Z","exportStrategy":"FIFO","status":"DISABLE","warehouseId":6,"divison":{"id":1,"code":"01","name":"Khối 1","createDate":"2024-11-13T16:51:25.733Z","updateDate":"2024-11-13T16:51:25.734Z","status":"ENABLE","warehouseId":1}} 
 </msg>
<msg time="2025-03-31T17:00:30.883863" level="INFO">${response} = &lt;Response [200]&gt;</msg>
<var>${response}</var>
<arg>vkho</arg>
<arg>/parent-product-categorys/get-one/${TEST_CATEGORY_ID}</arg>
<arg>headers=${headers}</arg>
<arg>expected_status=any</arg>
<doc>Sends a GET request on a previously created HTTP Session.</doc>
<status status="PASS" start="2025-03-31T17:00:30.859797" elapsed="0.024108"/>
</kw>
<kw name="Run Keyword If" owner="BuiltIn">
<kw name="Set Variable" owner="BuiltIn">
<arg>${FALSE}</arg>
<doc>Returns the given values which can then be assigned to a variables.</doc>
<status status="PASS" start="2025-03-31T17:00:30.885333" elapsed="0.000152"/>
</kw>
<msg time="2025-03-31T17:00:30.885590" level="INFO">${is_deleted} = False</msg>
<var>${is_deleted}</var>
<arg>${response.status_code} == 404</arg>
<arg>Set Variable</arg>
<arg>${TRUE}</arg>
<arg>ELSE</arg>
<arg>Set Variable</arg>
<arg>${FALSE}</arg>
<doc>Runs the given keyword with the given arguments, if ``condition`` is true.</doc>
<status status="PASS" start="2025-03-31T17:00:30.884328" elapsed="0.001305"/>
</kw>
<kw name="Should Be True" owner="BuiltIn">
<msg time="2025-03-31T17:00:30.886240" level="FAIL">Parent category was not properly deleted or marked as deleted</msg>
<arg>${is_deleted}</arg>
<arg>msg=Parent category was not properly deleted or marked as deleted</arg>
<doc>Fails if the given condition is not true.</doc>
<status status="FAIL" start="2025-03-31T17:00:30.885985" elapsed="0.000317">Parent category was not properly deleted or marked as deleted</status>
</kw>
<kw name="Log" owner="BuiltIn">
<arg>Successfully verified deletion of parent category with ID: ${TEST_CATEGORY_ID}</arg>
<doc>Logs the given message with the given level.</doc>
<status status="NOT RUN" start="2025-03-31T17:00:30.886504" elapsed="0.000035"/>
</kw>
<doc>Test deleting a parent product category</doc>
<tag>delete</tag>
<tag>positive</tag>
<status status="FAIL" start="2025-03-31T17:00:30.815028" elapsed="0.071704">Parent category was not properly deleted or marked as deleted</status>
</test>
<test id="s1-t11" name="11 - Delete Non-Existent Parent Category Test" line="444">
<kw name="Set Variable" owner="BuiltIn">
<msg time="2025-03-31T17:00:30.888671" level="INFO">${non_existent_id} = 99999999</msg>
<var>${non_existent_id}</var>
<arg>99999999</arg>
<doc>Returns the given values which can then be assigned to a variables.</doc>
<status status="PASS" start="2025-03-31T17:00:30.888413" elapsed="0.000305"/>
</kw>
<kw name="Create Dictionary" owner="BuiltIn">
<msg time="2025-03-31T17:00:30.889634" level="INFO">${headers} = {'Content-Type': 'application/json', 'Authorization': 'Bearer eyJhbGciOiJSUzI1NiIsInR5cCIgOiAiSldUIiwia2lkIiA6ICI0TVhBLW1VYjduYV90RjNJd1VrWXNreHZrbVNqQWJpSEV6MnFpN3ZaRGhJIn0.eyJleHAiOjE3NDM0NDA0MjgsIm...</msg>
<var>${headers}</var>
<arg>Content-Type=application/json</arg>
<arg>Authorization=${AUTH_TOKEN}</arg>
<doc>Creates and returns a dictionary based on the given ``items``.</doc>
<status status="PASS" start="2025-03-31T17:00:30.889149" elapsed="0.000535"/>
</kw>
<kw name="Run Keyword And Expect Error" owner="BuiltIn">
<kw name="DELETE On Session" owner="RequestsLibrary">
<msg time="2025-03-31T17:00:30.933945" level="INFO">DELETE Request : url=https://api.vkho.net/parent-product-categorys/delete/99999999 
 path_url=/parent-product-categorys/delete/99999999 
 headers={'User-Agent': 'python-requests/2.32.3', 'Accept-Encoding': 'gzip, deflate', 'Accept': '*/*', 'Connection': 'keep-alive', 'Content-Type': 'application/json', 'Authorization': 'Bearer eyJhbGciOiJSUzI1NiIsInR5cCIgOiAiSldUIiwia2lkIiA6ICI0TVhBLW1VYjduYV90RjNJd1VrWXNreHZrbVNqQWJpSEV6MnFpN3ZaRGhJIn0.eyJleHAiOjE3NDM0NDA0MjgsImlhdCI6MTc0MzQxNTIyOCwianRpIjoiMjA3YzJjYjEtMzVmNC00MjAyLWEzM2MtODcyZTk3NWY1OThkIiwiaXNzIjoiaHR0cHM6Ly9rYy5jb25jb24udm4vcmVhbG1zL3ZraG9fc3RhZyIsInN1YiI6IjIzYzY2NzE3LThkY2EtNDk3MS1hZDA5LTk2ODFkNjMyZjA5YyIsInR5cCI6IkJlYXJlciIsImF6cCI6InZraG9fYXBwIiwic2lkIjoiMTY5OGM4YTctMTY2ZC00ZTUwLWExZTYtYmYyZDQ1YTI2NDY1IiwiYWNyIjoiMSIsImFsbG93ZWQtb3JpZ2lucyI6WyIqIl0sInJlYWxtX2FjY2VzcyI6eyJyb2xlcyI6WyJtYW5hZ2VyIiwic3RhZmYiXX0sInNjb3BlIjoib3BlbmlkIHByb2ZpbGUgZW1haWwiLCJlbWFpbF92ZXJpZmllZCI6ZmFsc2UsIm5hbWUiOiJIdXkgUUMgTWFuYWdlciIsInByZWZlcnJlZF91c2VybmFtZSI6Imh1eW5oMjIubWFuYWdlciIsImdpdmVuX25hbWUiOiJIdXkiLCJmYW1pbHlfbmFtZSI6IlFDIE1hbmFnZXIiLCJlbWFpbCI6InZvbGliZWFyMTUzQGdtYWlsLmNvbSJ9.nLK8SDlkiU1wr0cYrfVQFreqlHdnNXULg1kxXKW0-vHjHd7s9Mhl1r6E3ff4YBZj1Y6LVSaQhgCMSeJAg75GIWLR1ybol5GGrdIry7ARbm1ryGf0BTtuyuS8Ea_3amr_2xRRHXlTMTXX7YAnDzo1kOpGqKGcZI0AT31U3ZMol69VEbj4LFWNJXReooRzTnqG_EmkdIaXd4FW8m0TaStM4Ws7Djx1NykTlRtz5lxpsWyaXO1v8KS8LiFPqVBZ-YKwPoPZ-mF-ujxJOpye1RyeZdjI8wZ1XLZWPn4jfPw9GrThSqnsiOkdK3Ht7GeDeXs62cihykAWikhUp2sKQAdsbA', 'Content-Length': '0'} 
 body=None 
 </msg>
<msg time="2025-03-31T17:00:30.934021" level="INFO">DELETE Response : url=https://api.vkho.net/parent-product-categorys/delete/99999999 
 status=500, reason=Internal Server Error 
 headers={'Access-Control-Allow-Origin': '*', 'Alt-Svc': 'h3=":443"; ma=2592000', 'Content-Length': '147', 'Content-Type': 'application/json; charset=utf-8', 'Date': 'Mon, 31 Mar 2025 10:00:29 GMT', 'Etag': 'W/"93-uEYc9HvKoTtlEsGJM5FukyYxnzI"', 'Server': 'Caddy'} 
 body={"statusCode":500,"timestamp":"2025-03-31T10:00:29.073Z","path":"/parent-product-categorys/delete/99999999","message":"Not found product category"} 
 </msg>
<msg time="2025-03-31T17:00:30.934111" level="FAIL">Url: https://api.vkho.net/parent-product-categorys/delete/99999999 Expected status: 500 != 200</msg>
<arg>vkho</arg>
<arg>/parent-product-categorys/delete/${non_existent_id}</arg>
<arg>headers=${headers}</arg>
<arg>expected_status=200</arg>
<doc>Sends a DELETE request on a previously created HTTP Session.</doc>
<status status="FAIL" start="2025-03-31T17:00:30.890277" elapsed="0.044535">Url: https://api.vkho.net/parent-product-categorys/delete/99999999 Expected status: 500 != 200</status>
</kw>
<arg>*</arg>
<arg>DELETE On Session</arg>
<arg>vkho</arg>
<arg>/parent-product-categorys/delete/${non_existent_id}</arg>
<arg>headers=${headers}</arg>
<arg>expected_status=200</arg>
<doc>Runs the keyword and checks that the expected error occurred.</doc>
<status status="PASS" start="2025-03-31T17:00:30.890050" elapsed="0.044846"/>
</kw>
<kw name="Log" owner="BuiltIn">
<msg time="2025-03-31T17:00:30.935204" level="INFO">Successfully verified that deleting a non-existent parent category fails</msg>
<arg>Successfully verified that deleting a non-existent parent category fails</arg>
<doc>Logs the given message with the given level.</doc>
<status status="PASS" start="2025-03-31T17:00:30.935108" elapsed="0.000131"/>
</kw>
<doc>Test deleting a parent category that doesn't exist</doc>
<tag>delete</tag>
<tag>negative</tag>
<status status="PASS" start="2025-03-31T17:00:30.887415" elapsed="0.047970"/>
</test>
<test id="s1-t12" name="12 - Cleanup Test Environment" line="464">
<kw name="Log" owner="BuiltIn">
<msg time="2025-03-31T17:00:30.936299" level="INFO">Test environment cleaned up successfully</msg>
<arg>Test environment cleaned up successfully</arg>
<doc>Logs the given message with the given level.</doc>
<status status="PASS" start="2025-03-31T17:00:30.936201" elapsed="0.000142"/>
</kw>
<doc>Clean up any resources created during tests</doc>
<tag>cleanup</tag>
<status status="PASS" start="2025-03-31T17:00:30.935833" elapsed="0.000684"/>
</test>
<doc>Comprehensive Test Suite for Parent Product Category Operations in vKho API
Includes proper parameter validation and error handling</doc>
<status status="FAIL" start="2025-03-31T17:00:29.604346" elapsed="1.332998"/>
</suite>
<statistics>
<total>
<stat pass="9" fail="3" skip="0">All Tests</stat>
</total>
<tag>
<stat pass="1" fail="0" skip="0">cleanup</stat>
<stat pass="2" fail="0" skip="0">create</stat>
<stat pass="1" fail="1" skip="0">delete</stat>
<stat pass="1" fail="0" skip="0">filter</stat>
<stat pass="4" fail="0" skip="0">negative</stat>
<stat pass="3" fail="3" skip="0">positive</stat>
<stat pass="2" fail="2" skip="0">retrieve</stat>
<stat pass="1" fail="0" skip="0">setup</stat>
<stat pass="2" fail="0" skip="0">update</stat>
</tag>
<suite>
<stat name="Parent Product Categories" id="s1" pass="9" fail="3" skip="0">Parent Product Categories</stat>
</suite>
</statistics>
<errors>
<msg time="2025-03-31T17:00:29.596117" level="WARN">Error in file 'D:\robot_file\tests\ParentProductCategory\parent_product_categories.robot' on line 63: The '[Return]' setting is deprecated. Use the 'RETURN' statement instead.</msg>
<msg time="2025-03-31T17:00:29.596698" level="WARN">Error in file 'D:\robot_file\tests\ParentProductCategory\parent_product_categories.robot' on line 103: The '[Return]' setting is deprecated. Use the 'RETURN' statement instead.</msg>
<msg time="2025-03-31T17:00:29.597048" level="WARN">Error in file 'D:\robot_file\tests\ParentProductCategory\parent_product_categories.robot' on line 130: The '[Return]' setting is deprecated. Use the 'RETURN' statement instead.</msg>
<msg time="2025-03-31T17:00:29.597426" level="WARN">Error in file 'D:\robot_file\tests\ParentProductCategory\parent_product_categories.robot' on line 174: The '[Return]' setting is deprecated. Use the 'RETURN' statement instead.</msg>
<msg time="2025-03-31T17:00:29.597750" level="WARN">Error in file 'D:\robot_file\tests\ParentProductCategory\parent_product_categories.robot' on line 195: The '[Return]' setting is deprecated. Use the 'RETURN' statement instead.</msg>
<msg time="2025-03-31T17:00:29.598113" level="WARN">Error in file 'D:\robot_file\tests\ParentProductCategory\parent_product_categories.robot' on line 227: The '[Return]' setting is deprecated. Use the 'RETURN' statement instead.</msg>
</errors>
</robot>
